Active-HDL 9.3.2744.4995  2018-05-11 01:08:56

Elaboration top modules:
Architecture                  behavior(testbench)


-------------------------------------------------------------------------------------------
Entity    | Architecture | Library | Info | Compiler Version         | Compilation Options
-------------------------------------------------------------------------------------------
testbench | behavior     | work    |      | 9.3.2744.4995  (Windows) | -dbg
mult      | behaviour    | work    |      | 9.3.2744.4995  (Windows) | -dbg
-------------------------------------------------------------------------------------------

-------------------------------------------------------------------------------------------
VHDL Package             | Library | Info | Compiler Version         | Compilation Options
-------------------------------------------------------------------------------------------
standard                 | std     |      |                          | 
TEXTIO                   | std     |      | 9.3.2744.4995  (Windows) |  -2008
std_logic_1164           | ieee    |      | 9.3.2744.4995  (Windows) |  -2008
NUMERIC_STD              | ieee    |      | 9.3.2744.4995  (Windows) |  -2008
-------------------------------------------------------------------------------------------

-------------------------------------------------------------------------------------------
Library                  | Comment
-------------------------------------------------------------------------------------------
ieee                     | Standard IEEE packages library
std                      | Standard VHDL library
work                     | None
-------------------------------------------------------------------------------------------


Simulation Options: vsim +access +r testbench -PL pmi_work -L ovi_machxo2


The performance of simulation is reduced. Version Lattice Edition
