             Lattice Mapping Report File for Design Module 'sub4'

Design Information
------------------

Command line:   map -a MachXO2 -p LCMXO2-256HC -t TQFP100 -s 4 -oc Commercial
     LAB_SUB_LAB_SUB.ngd -o LAB_SUB_LAB_SUB_map.ncd -pr LAB_SUB_LAB_SUB.prf -mp
     LAB_SUB_LAB_SUB.mrp H:/digitaltechnik_labor/Projects/LAB_ADD/LAB_SUB.lpf -c
     0 -gui
Target Vendor:  LATTICE
Target Device:  LCMXO2-256HCTQFP100
Target Performance:   4
Mapper:  xo2c00,  version:  Diamond (64-bit) 3.1.0.96
Mapped on:  05/10/18  15:26:28

Design Summary
--------------

   Number of registers:      0 out of   424 (0%)
      PFU registers:            0 out of   256 (0%)
      PIO registers:            0 out of   168 (0%)
   Number of SLICEs:         3 out of   128 (2%)
      SLICEs as Logic/ROM:      3 out of   128 (2%)
      SLICEs as RAM:            0 out of    96 (0%)
      SLICEs as Carry:          0 out of   128 (0%)
   Number of LUT4s:          5 out of   256 (2%)
      Number of logic LUTs:        5
      Number of distributed RAM:   0 (0 LUT4s)
      Number of ripple logic:      0 (0 LUT4s)
      Number of shift registers:   0
   Number of PIO sites used: 10 + 4(JTAG) out of 56 (25%)
   Number of block RAMs:  0 out of 0
   Number of GSRs:  0 out of 1 (0%)
   EFB used :       No
   JTAG used :      No
   Readback used :  No
   Oscillator used :  No
   Startup used :   No
   POR :            On
   Bandgap :        On
   Number of Power Controller:  0 out of 1 (0%)
   Number of Dynamic Bank Controller (BCINRD):  0 out of 4 (0%)
   Number of DCCA:  0 out of 8 (0%)
   Number of DCMA:  0 out of 2 (0%)
   Notes:-
      1. Total number of LUT4s = (Number of logic LUT4s) + 2*(Number of
     distributed RAMs) + 2*(Number of ripple logic)
      2. Number of logic LUT4s does not include count of distributed RAM and
     ripple logic.
   Number of clocks:  0
   Number of Clock Enables:  0
   Number of LSRs:  0
   Number of nets driven by tri-state buffers:  0
   Top 10 highest fanout non-clock nets:
     Net A_c_0: 3 loads
     Net B_c_0: 3 loads
     Net A_c_1: 2 loads
     Net A_c_2: 2 loads
     Net B_c_1: 2 loads
     Net B_c_2: 2 loads

                                    Page 1




Design:  sub4                                          Date:  05/10/18  15:26:28

Design Summary (cont)
---------------------
     Net n4: 2 loads
     Net n48: 1 loads
     Net n50: 1 loads
     Net Z_c: 1 loads




   Number of warnings:  0
   Number of errors:    0

Design Errors/Warnings
----------------------

   No errors or warnings present.

IO (PIO) Attributes
-------------------

+---------------------+-----------+-----------+------------+
| IO Name             | Direction | Levelmode | IO         |
|                     |           |  IO_TYPE  | Register   |
+---------------------+-----------+-----------+------------+
| Z[3]                | OUTPUT    | LVCMOS33  |            |
+---------------------+-----------+-----------+------------+
| Z[1]                | OUTPUT    | LVCMOS33  |            |
+---------------------+-----------+-----------+------------+
| Z[2]                | OUTPUT    | LVCMOS33  |            |
+---------------------+-----------+-----------+------------+
| Z[0]                | OUTPUT    | LVCMOS33  |            |
+---------------------+-----------+-----------+------------+
| A[2]                | INPUT     | LVCMOS33  |            |
+---------------------+-----------+-----------+------------+
| A[1]                | INPUT     | LVCMOS33  |            |
+---------------------+-----------+-----------+------------+
| A[0]                | INPUT     | LVCMOS33  |            |
+---------------------+-----------+-----------+------------+
| B[2]                | INPUT     | LVCMOS33  |            |
+---------------------+-----------+-----------+------------+
| B[1]                | INPUT     | LVCMOS33  |            |
+---------------------+-----------+-----------+------------+
| B[0]                | INPUT     | LVCMOS33  |            |
+---------------------+-----------+-----------+------------+

Removed logic
-------------

Block i179 undriven or does not drive anything - clipped.
Block GSR_INST undriven or does not drive anything - clipped.
Block i178 undriven or does not drive anything - clipped.
Signal VCC_net undriven or does not drive anything - clipped.
Signal GND_net undriven or does not drive anything - clipped.





                                    Page 2




Design:  sub4                                          Date:  05/10/18  15:26:28

Memory Usage
------------


Run Time and Memory Usage
-------------------------

   Total CPU Time: 0 secs
   Total REAL Time: 0 secs
   Peak Memory Usage: 61 MB
















































                                    Page 3


Copyright (c) 1991-1994 by NeoCAD Inc. All rights reserved.
Copyright (c) 1995
     AT&T Corp.   All rights reserved.
Copyright (c) 1995-2001 Lucent
     Technologies Inc.  All rights reserved.
Copyright (c) 2001 Agere Systems
     All rights reserved.
Copyright (c) 2002-2014 Lattice Semiconductor
     Corporation,  All rights reserved.
