          Lattice Mapping Report File for Design Module 'lauflicht'

Design Information
------------------

Command line:   map -a MachXO2 -p LCMXO2-256HC -t TQFP100 -s 4 -oc Commercial
     bitcount_bitcount.ngd -o bitcount_bitcount_map.ncd -pr
     bitcount_bitcount.prf -mp bitcount_bitcount.mrp D:/DT/bitcount.lpf -c 0
     -gui
Target Vendor:  LATTICE
Target Device:  LCMXO2-256HCTQFP100
Target Performance:   4
Mapper:  xo2c00,  version:  Diamond (64-bit) 3.1.0.96
Mapped on:  06/01/18  15:33:12

Design Summary
--------------

   Number of registers:     30 out of   424 (7%)
      PFU registers:           30 out of   256 (12%)
      PIO registers:            0 out of   168 (0%)
   Number of SLICEs:        26 out of   128 (20%)
      SLICEs as Logic/ROM:     26 out of   128 (20%)
      SLICEs as RAM:            0 out of    96 (0%)
      SLICEs as Carry:          5 out of   128 (4%)
   Number of LUT4s:         48 out of   256 (19%)
      Number of logic LUTs:       38
      Number of distributed RAM:   0 (0 LUT4s)
      Number of ripple logic:      5 (10 LUT4s)
      Number of shift registers:   0
   Number of PIO sites used: 14 + 4(JTAG) out of 56 (32%)
   Number of block RAMs:  0 out of 0
   Number of GSRs:  1 out of 1 (100%)
   EFB used :       Yes
   JTAG used :      No
   Readback used :  No
   Oscillator used :  Yes
   Startup used :   No
   POR :            On
   Bandgap :        On
   Number of Power Controller:  0 out of 1 (0%)
   Number of Dynamic Bank Controller (BCINRD):  0 out of 4 (0%)
   Number of DCCA:  0 out of 8 (0%)
   Number of DCMA:  0 out of 2 (0%)
   Notes:-
      1. Total number of LUT4s = (Number of logic LUT4s) + 2*(Number of
     distributed RAMs) + 2*(Number of ripple logic)
      2. Number of logic LUT4s does not include count of distributed RAM and
     ripple logic.
   Number of clocks:  3
     Net D14_c: 3 loads, 3 rising, 0 falling (Driver: Clock/i339/GATE )
     Net Clock/Clk200Hz: 17 loads, 17 rising, 0 falling (Driver:
     Clock/CTInst0/EFBInst_0 )
     Net Clock/ClkOsc: 1 loads, 1 rising, 0 falling (Driver: Clock/OscInst0 )
   Number of Clock Enables:  0
   Number of LSRs:  4
     Net Clock/n123: 4 loads, 4 LSLICEs
     Net Clock/n122: 5 loads, 5 LSLICEs
     Net Clock/n121: 4 loads, 4 LSLICEs
     Net VCC_net: 1 loads, 0 LSLICEs

                                    Page 1




Design:  lauflicht                                     Date:  06/01/18  15:33:12

Design Summary (cont)
---------------------
   Number of nets driven by tri-state buffers:  0
   Top 10 highest fanout non-clock nets:
     Net Clock/Counter.Counter3Hz_1: 6 loads
     Net Clock/n122: 6 loads
     Net Clock/n6_adj_1: 6 loads
     Net Clock/Counter.Counter1Hz_2: 5 loads
     Net Clock/Counter.Counter3Hz_2: 5 loads
     Net Clock/n121: 5 loads
     Net Clock/n123: 5 loads
     Net Clock/n7: 5 loads
     Net LED_c: 5 loads
     Net Clock/Counter.Counter1Hz_3: 4 loads




   Number of warnings:  0
   Number of errors:    0

Design Errors/Warnings
----------------------

   No errors or warnings present.

IO (PIO) Attributes
-------------------

+---------------------+-----------+-----------+------------+
| IO Name             | Direction | Levelmode | IO         |
|                     |           |  IO_TYPE  | Register   |
+---------------------+-----------+-----------+------------+
| LED[0]              | OUTPUT    | LVCMOS33  |            |
+---------------------+-----------+-----------+------------+
| LED[1]              | OUTPUT    | LVCMOS33  |            |
+---------------------+-----------+-----------+------------+
| LED[2]              | OUTPUT    | LVCMOS33  |            |
+---------------------+-----------+-----------+------------+
| D14                 | OUTPUT    | LVCMOS33  |            |
+---------------------+-----------+-----------+------------+
| LED[3]              | OUTPUT    | LVCMOS33  |            |
+---------------------+-----------+-----------+------------+
| D15                 | OUTPUT    | LVCMOS33  |            |
+---------------------+-----------+-----------+------------+
| MLEFT[1]            | INPUT     | LVCMOS33  |            |
+---------------------+-----------+-----------+------------+
| MLEFT[0]            | INPUT     | LVCMOS33  |            |
+---------------------+-----------+-----------+------------+
| MRIGHT[1]           | INPUT     | LVCMOS33  |            |
+---------------------+-----------+-----------+------------+
| MRIGHT[0]           | INPUT     | LVCMOS33  |            |
+---------------------+-----------+-----------+------------+
| TLEFT               | INPUT     | LVCMOS33  |            |
+---------------------+-----------+-----------+------------+
| TRIGHT              | INPUT     | LVCMOS33  |            |
+---------------------+-----------+-----------+------------+
| RES                 | INPUT     | LVCMOS33  |            |

                                    Page 2




Design:  lauflicht                                     Date:  06/01/18  15:33:12

IO (PIO) Attributes (cont)
--------------------------
+---------------------+-----------+-----------+------------+
| DIR                 | INPUT     | LVCMOS33  |            |
+---------------------+-----------+-----------+------------+

Removed logic
-------------

Signal n120 was merged into signal RES_c
Signal GND_net undriven or does not drive anything - clipped.
Signal Clock/Counter.Counter03Hz_42_add_4_9/CO undriven or does not drive
     anything - clipped.
Signal Clock/Counter.Counter03Hz_42_add_4_1/S0 undriven or does not drive
     anything - clipped.
Signal Clock/Counter.Counter03Hz_42_add_4_1/CI undriven or does not drive
     anything - clipped.
Block i75_1_lut was optimized away.
Block i1 was optimized away.

Memory Usage
------------


OSC Summary
-----------

OSC 1:                                     Pin/Node Value
  OSC Instance Name:                                Clock/OscInst0
  OSC Type:                                         OSCH
  STDBY Input:                                      NONE
  OSC Output:                              NODE     Clock/ClkOsc
  OSC Nominal Frequency (MHz):                      2.08

Embedded Functional Block Connection Summary:
---------------------------------------------

   Desired WISHBONE clock frequency: 50.0 MHz
   Clock source:                     NONE
   Reset source:                     NONE
   Functions mode:
      I2C #1 (Primary) Function:     DISABLED
      I2C #2 (Secondary) Function:   DISABLED
      SPI Function:                  DISABLED
      Timer/Counter Function:        ENABLED
      Timer/Counter Mode:            NO_WB
      UFM Connection:                DISABLED
      PLL0 Connection:               DISABLED
      PLL1 Connection:               DISABLED
   I2C Function Summary:
   --------------------
      None
   SPI Function Summary:
   --------------------
      None
   Timer/Counter Function Summary:
   ------------------------------

                                    Page 3




Design:  lauflicht                                     Date:  06/01/18  15:33:12

Embedded Functional Block Connection Summary: (cont)
----------------------------------------------------
      TC_MODE:                CTCM
      TC_SCLK_SEL:            Positive Edge
      TC_CCLK_SEL:            1
      GSR:                    ENABLED
      TC_TOP_SET:             5200
      TC_OCR_SET:             32767
      TC_OC_MODE:             TOGGLE
      TC_RESETN:              ENABLED
      TC_TOP_SEL:             ON
      TC_OV_INT:              OFF
      TC_OCR_INT:             OFF
      TC_ICR_INT:             OFF
      TC_OVERFLOW:            DISABLED
      TC_ICAPTURE:            DISABLED
   UFM Function Summary:
   --------------------
      UFM Utilization:        General Purpose Flash Memory
      Available General
      Purpose Flash Memory:   0 Pages (0*128 Bits)

      EBR Blocks with Unique
      Initialization Data:    0

      WID		EBR Instance
      ---		------------

ASIC Components
---------------

Instance Name: Clock/OscInst0
         Type: OSCH
Instance Name: Clock/CTInst0/EFBInst_0
         Type: EFB

GSR Usage
---------

GSR Component:
   The Global Set Reset (GSR) resource has been used to implement a global reset
        of the design. The reset signal used for GSR control is 'RES_c'.

GSR Property:
   The design components with GSR property set to ENABLED will respond to global
        set reset while the components with GSR property set to DISABLED will
        not.

Components with disabled GSR Property
-------------------------------------

These components have the GSR property set to DISABLED. The components will not
     respond to the reset signal 'RES_c' via the GSR component.

Type and number of components of the type:
   Register = 26

Type and instance name of component:
   Register : Clock/Counter.Clk1Hz_34
   Register : Clock/Counter.Clk03Hz_36
   Register : Clock/SigClk100Hz_37
   Register : Clock/Counter.Counter1Hz_40__i0
   Register : Clock/Counter.Counter03Hz_42__i0
   Register : Clock/Counter.Counter3Hz_38__i0

                                    Page 4




Design:  lauflicht                                     Date:  06/01/18  15:33:12

GSR Usage (cont)
----------------
   Register : Clock/Counter.Counter1Hz_40__i6
   Register : Clock/Counter.Clk3Hz_32
   Register : Clock/Counter.Counter1Hz_40__i5
   Register : Clock/Counter.Counter1Hz_40__i4
   Register : Clock/Counter.Counter1Hz_40__i3
   Register : Clock/Counter.Counter1Hz_40__i2
   Register : Clock/Counter.Counter1Hz_40__i1
   Register : Clock/Counter.Counter03Hz_42__i8
   Register : Clock/Counter.Counter03Hz_42__i7
   Register : Clock/Counter.Counter03Hz_42__i6
   Register : Clock/Counter.Counter03Hz_42__i5
   Register : Clock/Counter.Counter03Hz_42__i4
   Register : Clock/Counter.Counter03Hz_42__i3
   Register : Clock/Counter.Counter03Hz_42__i2
   Register : Clock/Counter.Counter03Hz_42__i1
   Register : Clock/Counter.Counter3Hz_38__i5
   Register : Clock/Counter.Counter3Hz_38__i4
   Register : Clock/Counter.Counter3Hz_38__i3
   Register : Clock/Counter.Counter3Hz_38__i2
   Register : Clock/Counter.Counter3Hz_38__i1

Run Time and Memory Usage
-------------------------

   Total CPU Time: 1 secs
   Total REAL Time: 0 secs
   Peak Memory Usage: 64 MB






























                                    Page 5


Copyright (c) 1991-1994 by NeoCAD Inc. All rights reserved.
Copyright (c) 1995
     AT&T Corp.   All rights reserved.
Copyright (c) 1995-2001 Lucent
     Technologies Inc.  All rights reserved.
Copyright (c) 2001 Agere Systems
     All rights reserved.
Copyright (c) 2002-2014 Lattice Semiconductor
     Corporation,  All rights reserved.
