10 1 1
10 1 1
10 1 1
17 0 ampel 2304 1024 0
17 0 clkgen 336 1520 0
17 0 count4bit 1392 1056 0
17 0 count4bit 1344 2048 0
17 0 count4bit 1712 1280 0
17 0 4
17 0 5
17 0 srff 1984 1360 0
17 0 5
17 0 srff 1168 1088 0
17 0 5
17 0 srff 1152 1056 0
17 0 and2 848 1216 0
17 0 5
17 0 srff 736 960 0
17 0 4
17 0 and2 1136 1120 0
17 0 5
17 0 srff 912 1056 0
17 0 4
17 0 and2 848 1200 0
17 0 5
17 0 srff 1120 1072 0
17 0 or2 1280 1280 0
17 0 3
17 0 count4bit 1552 1136 0
13 0 1424 1344 1424 1216
13 0 1424 1216 1552 1216
13 0 1936 1200 2304 1200
13 0 2304 1200 2304 1120
13 5 2064 1200 ZUST[3:0]
13 0 1040 1600 1280 1600
13 0 1280 1600 1280 1360
17 0 and4 1920 1392 0
17 0 7
17 0 and4 2080 1328 0
13 0 1968 1472 2080 1472
13 4 1968 1200 1968 1472
13 0 2000 1440 2080 1440
13 4 2000 1200 2000 1440
13 0 2048 1408 2080 1408
13 4 2048 1200 2048 1408
13 4 2080 1200 2080 1376
17 0 7
13 0 1968 1344 1968 1472
13 2 1968 1344 1968 1472
13 0 2000 1344 2000 1440
13 2 2000 1344 2000 1440
13 0 2048 1344 2048 1408
13 2 2048 1344 2048 1408
13 0 2080 1344 2080 1376
13 2 2080 1344 2080 1376
13 2 2048 1408 2080 1408
13 2 2000 1440 2080 1440
13 2 1968 1472 2080 1472
13 0 1968 1216 1968 1344
13 2 1968 1216 1968 1344
13 0 2000 1216 2000 1344
13 2 2000 1216 2000 1344
13 0 2048 1216 2048 1344
13 2 2048 1216 2048 1344
13 0 2080 1216 2080 1344
13 2 2080 1216 2080 1344
17 0 1
13 0 2304 1152 2304 1120
13 2 2304 1120 2304 1152
13 2 2304 1152 2304 1200
17 0 ampel 2304 1088 0
17 0 1
