10 1 1
10 1 1
10 1 1
17 0 ampel 2688 1216 0
17 0 1
17 0 ampel 2304 1088 0
13 2 1280 1360 1280 1600
13 2 1424 1216 1424 1344
17 0 6
17 0 or2 1296 1280 0
13 0 1296 1360 1296 1376
13 0 1296 1376 1280 1376
13 0 1280 1376 1280 1600
13 0 1440 1312 1440 1344
13 0 1440 1312 1424 1312
13 0 1424 1216 1424 1312
13 0 1424 1264 1424 1216
13 2 1424 1216 1424 1264
13 2 1424 1264 1424 1312
13 2 1424 1312 1440 1312
13 2 1440 1312 1440 1344
13 2 1280 1376 1296 1376
13 2 1296 1360 1296 1376
17 0 6
17 0 or2 1344 1328 0
13 0 1344 1424 1344 1376
13 0 1344 1376 1344 1408
13 0 1344 1408 1344 1424
13 0 1280 1376 1344 1376
13 0 1344 1408 1344 1424
17 0 6
13 2 1280 1376 1344 1376
13 2 1280 1376 1280 1600
13 0 1264 1616 1264 1600
13 0 1264 1600 1280 1600
13 0 1264 1616 1344 1616
13 0 1344 1616 1344 1376
13 0 1184 1600 1264 1600
13 2 1184 1600 1264 1600
13 2 1264 1600 1280 1600
13 2 1264 1616 1344 1616
13 2 1264 1600 1264 1616
13 2 1344 1376 1344 1616
13 0 1072 1600 1184 1600
13 2 1072 1600 1184 1600
13 0 1056 1600 1072 1600
13 2 1056 1600 1072 1600
17 0 or2 1184 1520 0
17 0 and2 1296 1328 0
13 2 1424 1216 1552 1216
13 0 2720 1264 2720 1440
13 0 2720 1440 2576 1440
13 0 2576 1440 1296 1440
13 0 1296 1440 1296 1408
13 0 1440 1392 1440 1184
13 0 1440 1184 1552 1184
13 2 1440 1184 1552 1184
13 2 1440 1184 1440 1392
13 2 1296 1408 1296 1440
13 0 2576 1440 1296 1440
13 2 1296 1440 2576 1440
13 0 2576 1440 2064 1440
13 0 2064 1440 2064 1056
13 0 2064 1056 2064 1200
13 0 2064 1200 2064 1440
13 2 2064 1056 2064 1200
13 0 2576 1440 2064 1440
13 2 2064 1440 2576 1440
13 0 2576 1440 2224 1440
13 0 2224 1440 2224 1248
13 0 2224 1248 2224 1056
13 0 2224 1056 2064 1056
13 0 2064 1056 1552 1056
13 0 1552 1056 1552 1184
13 0 1440 1392 1440 1216
13 0 1440 1216 1552 1216
17 0 4
17 0 and2 832 1088 0
17 0 4
17 0 and2 848 1056 0
13 0 1264 1136 1264 1264
13 0 1264 1264 1184 1264
13 0 1184 1264 848 1264
13 0 848 1264 848 1136
13 0 992 1120 1120 1120
13 0 848 1104 608 1104
13 0 848 1248 848 1136
13 2 848 1136 848 1248
13 2 848 1248 848 1264
13 0 976 1264 1264 1264
13 2 976 1264 1264 1264
13 2 848 1264 976 1264
17 0 inv 720 1088 0
13 0 1264 1264 704 1264
13 0 704 1264 704 1136
13 2 704 1136 704 1264
13 2 704 1264 1264 1264
13 0 720 1136 720 1248
13 0 720 1248 800 1248
13 0 800 1248 1264 1248
13 0 1264 1248 1264 1264
13 2 1264 1248 1264 1264
13 0 816 1136 848 1136
13 0 1056 1120 1056 1376
13 0 1056 1376 1296 1376
13 2 1056 1376 1296 1376
13 2 1056 1120 1056 1376
13 0 1040 1120 1040 1472
13 0 1040 1472 1200 1472
13 0 1184 1472 1184 1568
13 2 1184 1472 1200 1472
13 2 1440 1216 1440 1392
17 0 7
17 0 and2 1408 1568 0
13 0 1552 1600 1552 1632
13 0 1552 1600 1440 1600
13 0 1440 1216 1440 1600
13 2 1440 1600 1552 1600
13 2 1552 1600 1552 1632
17 0 7
17 0 and2 1408 1520 0
13 0 1440 1552 1552 1552
13 0 1552 1552 1552 1584
13 2 1440 1552 1552 1552
13 0 1440 1552 1440 1216
13 2 1440 1216 1440 1552
13 2 1440 1552 1440 1600
13 0 1456 1536 1456 1600
13 0 1456 1600 1440 1600
13 0 1456 1536 1456 1216
13 0 1456 1216 1440 1216
13 0 1456 1536 1552 1536
13 0 1552 1536 1552 1552
17 0 7
13 2 1456 1536 1552 1536
13 2 1440 1600 1456 1600
13 0 1456 1520 1456 1536
13 2 1456 1520 1456 1536
13 2 1456 1536 1456 1600
13 2 1552 1536 1552 1584
13 2 1440 1216 1456 1216
13 0 1456 1216 1536 1216
13 2 1456 1216 1536 1216
13 2 1456 1216 1456 1520
17 0 and2 1456 1360 0
13 2 1184 1472 1184 1568
17 0 6
17 0 or2 1264 1456 0
13 0 1264 1488 1264 1504
13 0 1264 1488 1184 1488
13 0 1184 1472 1184 1488
13 2 1184 1488 1264 1488
13 2 1264 1488 1264 1504
17 0 6
17 0 or2 1344 1152 0
13 0 1344 1184 1344 1488
13 0 1344 1184 1344 1232
13 0 1344 1184 1344 1200
13 0 1344 1200 1344 1232
13 0 1344 1232 1344 1488
13 0 1184 1488 1344 1488
13 0 1344 1184 1344 1200
13 2 1344 1184 1344 1200
13 2 1344 1200 1344 1232
13 2 1344 1232 1344 1488
17 0 6
17 0 or2 1328 1232 0
13 0 1328 1264 1328 1280
13 0 1328 1280 1328 1312
13 0 1328 1312 1328 1328
13 0 1328 1328 1344 1328
13 0 1344 1328 1344 1488
13 2 1328 1264 1328 1280
13 2 1328 1280 1328 1312
13 2 1328 1312 1328 1328
13 0 1344 1344 1344 1408
13 2 1344 1344 1344 1408
13 2 1328 1328 1344 1328
13 2 1344 1328 1344 1344
13 2 1040 1472 1184 1472
13 2 1184 1488 1344 1488
13 0 1040 1328 1040 1472
13 2 1040 1328 1040 1472
13 2 1184 1472 1184 1488
13 2 1344 1408 1344 1488
13 0 1040 1296 1040 1328
13 2 1040 1296 1040 1328
13 0 1040 1296 1280 1296
17 0 6
17 0 or2 1280 1248 0
13 2 1040 1296 1280 1296
17 0 6
17 0 or2 1264 1248 0
13 0 1040 1296 1264 1296
13 0 1408 1312 1536 1312
13 0 1536 1312 1536 1216
17 0 7
17 0 and2 1200 1424 0
13 0 1056 1600 1200 1600
13 0 1200 1600 1200 1504
13 0 1344 1488 1344 1392
13 0 1344 1392 1264 1392
13 0 1264 1392 1264 1328
17 0 inv 1936 1456 0
13 0 2288 1440 1936 1440
13 0 1936 1440 1936 1504
13 0 2032 1504 1440 1504
13 0 1440 1504 1936 1504
13 0 1936 1504 2032 1504
13 0 1440 1504 1440 1424
13 0 1440 1424 1200 1424
13 0 1200 1424 1200 1472
13 2 1200 1424 1200 1472
13 2 1200 1424 1440 1424
13 2 1440 1424 1440 1504
13 2 1936 1504 2032 1504
13 2 1440 1504 1936 1504
13 0 2032 1504 2032 1664
13 0 2032 1664 1952 1664
13 0 1952 1664 1424 1664
13 0 1424 1664 1424 1424
13 0 1424 1424 1200 1424
13 0 1200 1424 1200 1472
13 0 336 1664 224 1664
13 0 336 1744 224 1744
13 0 2720 1152 2864 1152
13 0 2720 1216 2864 1216
13 5 608 1104 ANF
13 5 224 1664 CMR[1:0]
13 5 224 1744 PR
13 5 2864 1152 KFZA
13 5 2864 1216 FA
13 0 2832 1152 2864 1152
13 2 2832 1152 2864 1152
13 0 2832 1216 2864 1216
13 2 2832 1216 2864 1216
13 7 2864 1152
13 7 2864 1216
13 8 2864 1152 0
13 8 2864 1216 0
13 5 2832 1152 KFZA[2:0]
13 5 2832 1216 FA[1:0]
13 8 608 1104 1
13 8 224 1664 1
13 8 224 1744 1
13 8 2832 1152 2
13 8 2832 1216 2
13 0 2096 1440 1472 1440
13 0 1472 1440 1472 1232
13 0 1472 1232 1120 1232
13 0 1120 1232 1120 1152
13 0 1424 1488 1424 1424
13 2 1424 1424 1424 1488
13 2 1424 1488 1424 1664
13 0 1376 1424 1424 1424
13 2 1376 1424 1424 1424
13 2 1200 1424 1376 1424
13 0 1200 1440 1200 1424
13 2 1200 1424 1200 1440
13 2 1200 1440 1200 1472
13 0 1600 1664 2032 1664
13 2 1600 1664 2032 1664
13 2 1424 1664 1600 1664
17 0 9
13 0 1936 1472 1936 1504
13 2 1936 1472 1936 1504
13 2 2032 1504 2032 1664
13 0 1936 1456 1936 1440
13 2 1936 1440 1936 1456
13 2 1936 1456 1936 1472
13 0 928 1248 928 1472
13 0 928 1472 1120 1472
13 0 1120 1472 1200 1472
