10 1 1
10 1 1
10 1 1
17 0 clkgen 464 720 0
17 0 dec7s 1920 752 0
17 0 dek1z 1408 336 0
17 0 2
17 0 dec7s 1968 416 0
17 0 2
17 0 dec7s 1920 352 0
17 0 2
17 0 dec7s 2208 576 0
17 0 2
17 0 dec7s 2048 448 0
17 0 2
17 0 dec7s 2128 496 0
17 0 1
17 0 clkgen 272 544 0
17 0 1
17 0 clkgen 240 640 0
17 0 1
17 0 clkgen 272 640 0
13 0 976 720 1200 720
13 0 1200 720 1200 608
13 0 1200 608 1200 384
13 0 1200 384 1408 384
17 0 dek1z 1408 624 0
17 0 dek1z 1408 864 0
17 0 dek1z 1408 1120 0
13 0 1712 464 1712 576
13 0 1712 576 1664 576
13 0 1664 576 1344 576
13 0 1344 576 1344 704
13 0 1344 704 1408 704
13 0 1200 720 1200 1168
13 0 1200 1168 1408 1168
13 0 1408 672 1200 672
13 0 1408 912 1200 912
13 0 1712 752 1712 832
13 0 1712 832 1648 832
13 0 1648 832 1408 832
13 0 1408 832 1408 944
13 0 1408 832 1408 912
13 0 1408 912 1408 944
13 2 1408 912 1408 944
13 2 1408 832 1408 912
13 0 1648 832 1408 832
13 2 1408 832 1648 832
13 0 1648 832 1360 832
13 0 1360 832 1360 944
13 0 1360 944 1408 944
13 0 1712 992 1712 1088
13 0 1712 1088 1632 1088
13 0 1632 1088 1344 1088
13 0 1344 1088 1344 1200
13 0 1344 1200 1408 1200
17 0 4
17 0 5
13 0 1712 768 1712 752
13 2 1712 752 1712 768
13 2 1712 768 1712 832
13 0 1680 832 1712 832
13 2 1680 832 1712 832
13 2 1360 832 1680 832
13 0 1280 672 1408 672
13 2 1280 672 1408 672
13 2 1200 672 1280 672
13 0 1264 736 1200 736
13 0 1200 736 1200 672
13 0 1264 736 1408 736
13 0 1408 736 1408 672
13 0 1408 672 1408 704
13 0 1408 704 1408 736
13 2 1344 704 1408 704
13 0 1264 736 1408 736
13 2 1264 736 1408 736
13 0 1264 912 1408 912
13 2 1264 912 1408 912
13 2 1360 944 1408 944
13 0 1344 656 1344 704
13 2 1344 656 1344 704
13 2 1360 832 1360 944
13 0 1408 672 1408 704
13 2 1408 672 1408 704
13 2 1408 704 1408 736
13 2 1344 576 1712 576
13 2 1344 576 1344 656
13 0 1712 544 1712 576
13 2 1712 544 1712 576
13 2 1712 464 1712 544
13 2 1200 736 1264 736
13 0 1200 736 1200 752
13 2 1200 736 1200 752
13 0 1136 720 1200 720
13 2 1136 720 1200 720
13 2 1200 912 1264 912
13 0 1344 1088 1424 1088
13 2 1344 1088 1424 1088
13 2 1200 1168 1408 1168
13 2 1344 1200 1408 1200
13 0 1200 640 1200 720
13 2 1200 640 1200 720
13 2 1200 720 1200 736
13 0 1200 752 1200 912
13 2 1200 752 1200 912
13 2 1200 912 1200 1168
13 2 1344 1088 1344 1200
17 0 6
13 2 1424 1088 1712 1088
13 2 1712 992 1712 1088
13 2 1200 384 1408 384
13 2 1200 384 1200 640
13 0 1136 720 1136 384
13 0 1136 384 1408 384
