10 1 1
10 1 1
10 1 1
13 0 2240 1648 2272 1648
13 2 2240 1648 2272 1648
13 2 2000 1648 2240 1648
13 0 2240 1584 2272 1584
13 2 2240 1584 2272 1584
13 2 2128 1584 2240 1584
13 0 2240 1520 2272 1520
13 2 2240 1520 2272 1520
13 2 2192 1520 2240 1520
13 2 2256 1456 2272 1456
13 0 2272 1728 2272 1696
13 2 2272 1696 2272 1728
13 2 2272 1728 2272 1744
13 0 2256 1728 2256 1744
13 0 2256 1744 2272 1744
13 0 2256 1728 2256 1696
13 0 2256 1696 2272 1696
13 0 2256 1728 2256 1696
13 2 2256 1696 2256 1728
13 2 2256 1728 2256 1744
13 0 2256 1728 2256 1744
13 0 2256 1728 2256 1696
13 0 2256 1728 2256 1696
13 2 2256 1696 2256 1728
13 2 2256 1728 2256 1744
13 0 2256 1728 2256 1744
13 0 2256 1696 2256 1728
13 2 2256 1696 2272 1696
13 0 2256 1728 2256 1696
13 2 2256 1696 2256 1728
13 2 2256 1728 2256 1744
13 0 2272 1728 2272 1744
13 0 2272 1696 2272 1728
13 0 2272 1728 2272 1696
13 2 2272 1696 2272 1728
13 2 2272 1728 2272 1744
13 0 2688 1664 2688 1600
13 2 2688 1600 2688 1664
13 2 2688 1664 2688 1760
13 0 2688 1664 2688 1760
13 0 2688 1664 2688 1600
13 0 2688 1664 2688 1600
13 2 2688 1600 2688 1664
13 2 2688 1664 2688 1760
13 0 2704 1536 2720 1536
13 2 2704 1536 2720 1536
13 2 2688 1536 2704 1536
13 0 2688 1536 2704 1536
13 0 2704 1536 2720 1536
13 2 2688 1536 2720 1536
17 0 7
17 0 mux4 2288 1456 0
13 0 2704 1600 2704 1536
13 0 2704 1536 2720 1536
13 2 2704 1536 2720 1536
13 2 2704 1536 2704 1600
17 0 7
17 0 mux4 2272 1392 0
13 0 2688 1472 2688 1536
13 0 2688 1536 2720 1536
13 0 2688 1472 2688 1536
17 0 7
13 2 2688 1472 2688 1536
17 0 mux4 2256 1424 0
17 0 7
17 0 mux4 2272 1424 0
17 0 7
17 0 mux4 2256 1392 0
13 2 2256 784 2256 1456
17 0 7
17 0 mux4 2256 1440 0
13 0 2256 1440 2256 1504
13 0 2256 784 2256 1440
13 2 1408 1744 2256 1744
13 2 2256 1744 2272 1744
13 2 2256 784 2256 1504
17 0 7
17 0 mux4 2224 1440 0
13 0 1408 1744 2224 1744
13 0 2224 1744 2240 1744
13 0 2224 1440 2224 1504
13 0 2224 1440 2256 1440
13 0 2256 784 2256 1440
13 2 2224 1440 2256 1440
13 2 1408 1744 2224 1744
13 2 2224 1744 2240 1744
13 2 2224 1440 2224 1504
17 0 7
17 0 mux4 2272 1424 0
13 0 2272 1424 2304 1424
13 0 2240 1728 2272 1728
13 0 2240 1728 2240 1744
13 0 1408 1744 2240 1744
13 0 2272 1728 2288 1728
13 0 2272 1424 2272 1488
17 0 7
13 2 2272 1424 2304 1424
13 2 2272 1424 2272 1488
17 0 1
17 0 2
17 0 3
17 0 4
17 0 5
17 0 6
13 2 1312 752 1552 752
13 2 1856 784 2080 784
13 2 2080 784 2256 784
13 2 1408 816 1552 816
13 2 1488 848 1552 848
13 2 1552 928 1856 928
13 2 816 944 1488 944
13 2 1856 1056 2000 1056
13 2 2000 1056 2192 1056
13 2 1408 1088 1552 1088
13 2 832 1120 1408 1120
13 2 1488 1120 1552 1120
13 2 1552 1216 1856 1216
13 2 1024 1248 1312 1248
13 2 224 1312 320 1312
13 2 1024 1312 1072 1312
13 2 1856 1328 1968 1328
13 2 1968 1328 2128 1328
13 2 1312 1360 1408 1360
13 2 1408 1360 1552 1360
13 2 1024 1376 1408 1376
13 2 144 1392 320 1392
13 2 1488 1392 1552 1392
13 2 1552 1488 1856 1488
13 2 2688 1536 2720 1536
13 2 2720 1536 2880 1536
13 2 3184 1552 3264 1552
13 2 1856 1600 1984 1600
13 2 1984 1600 2000 1600
13 2 1312 1632 1552 1632
13 2 1488 1664 1552 1664
13 2 2240 1728 2288 1728
13 2 1408 1744 2240 1744
13 2 2688 1760 2816 1760
13 2 1312 752 1312 1248
13 2 1312 1360 1312 1632
13 0 1408 816 1408 1088
13 2 1408 816 1408 1088
13 0 1408 1088 1408 1120
13 2 1408 1088 1408 1120
13 2 1408 1120 1408 1360
13 2 1408 1376 1408 1744
13 0 1488 848 1488 944
13 2 1488 848 1488 944
13 0 1488 944 1488 1120
13 2 1488 944 1488 1120
13 0 1488 1120 1488 1392
13 2 1488 1120 1488 1392
13 2 1488 1392 1488 1664
13 2 1552 928 1552 1024
13 2 1552 1216 1552 1296
13 2 1552 1488 1552 1568
13 2 1856 832 1856 928
13 2 1856 1104 1856 1216
13 2 1856 1376 1856 1488
13 2 2000 1600 2000 1648
13 2 2128 1328 2128 1584
13 2 2192 1056 2192 1520
13 2 2240 1728 2240 1744
13 2 2256 784 2256 1440
13 7 2080 784
13 7 816 944
13 8 816 944 0
13 7 2000 1056
13 7 832 1120
13 8 832 1120 0
13 7 224 1312
13 8 224 1312 0
13 7 1072 1312
13 8 1072 1312 0
13 7 1968 1328
13 7 144 1392
13 8 144 1392 0
13 7 2720 1536
13 7 3264 1552
13 8 3264 1552 0
13 7 1984 1600
13 7 2816 1760
13 8 2816 1760 0
13 8 2080 784 0
13 8 816 944 0
13 8 2000 1056 0
13 8 832 1120 0
13 8 224 1312 0
13 8 1072 1312 0
13 8 1968 1328 0
13 8 144 1392 0
13 8 2720 1536 0
13 8 3264 1552 0
13 8 1984 1600 0
13 8 2816 1760 0
