10 1 1
10 1 1
10 1 1
13 0 672 1600 784 1600
13 2 672 1600 784 1600
13 2 624 1600 672 1600
17 0 or2 640 1648 0
13 2 624 1568 784 1568
13 2 928 1584 960 1584
17 0 8
17 0 srff 800 1520 0
13 0 624 1568 800 1568
13 0 944 1584 960 1584
13 2 624 1568 800 1568
13 2 944 1584 960 1584
17 0 8
17 0 srff 816 1520 0
13 0 624 1568 816 1568
17 0 11
17 0 or2 640 1552 0
13 0 784 1616 816 1616
13 0 816 1616 816 1600
13 0 624 1600 640 1600
13 0 640 1632 640 1728
13 0 640 1728 672 1728
13 0 672 1728 1312 1728
13 0 1312 1728 1312 1312
13 0 1312 1312 1312 928
