10 1 1
10 1 1
10 1 1
17 0 clkgen 432 1152 0
17 0 dec7s 2992 1456 0
17 0 dek1z 1664 688 0
17 0 dek1z 1664 960 0
17 0 dek1z 1664 1232 0
17 0 dek1z 1664 1504 0
13 0 1424 736 1664 736
13 0 1968 768 2192 768
13 0 2192 768 2368 768
13 0 1520 800 1664 800
13 0 1600 832 1664 832
13 0 1664 912 1968 912
13 0 928 928 1600 928
13 0 1968 1040 2112 1040
13 0 2112 1040 2304 1040
13 0 1520 1072 1664 1072
13 0 944 1104 1520 1104
13 0 1600 1104 1664 1104
13 0 1664 1200 1968 1200
13 0 1136 1232 1424 1232
13 0 336 1296 432 1296
13 0 1136 1296 1184 1296
13 0 1968 1312 2080 1312
13 0 2080 1312 2240 1312
13 0 1424 1344 1520 1344
13 0 1520 1344 1664 1344
13 0 1136 1360 1520 1360
13 0 256 1376 432 1376
13 0 1600 1376 1664 1376
13 0 1664 1472 1968 1472
13 0 2800 1520 2832 1520
13 0 2832 1520 2992 1520
13 0 3296 1536 3376 1536
13 0 1968 1584 2096 1584
13 0 2096 1584 2112 1584
13 0 1424 1616 1664 1616
13 0 1600 1648 1664 1648
13 0 2352 1712 2400 1712
13 0 1520 1728 2352 1728
13 0 2800 1744 2928 1744
13 0 1424 736 1424 1232
13 0 1424 1344 1424 1616
13 0 1520 800 1520 1072
13 0 1520 1072 1520 1104
13 0 1520 1104 1520 1344
13 0 1520 1360 1520 1728
13 0 1600 832 1600 928
13 0 1600 928 1600 1104
13 0 1600 1104 1600 1376
13 0 1600 1376 1600 1648
13 0 1664 912 1664 1008
13 0 1664 1200 1664 1280
13 0 1664 1472 1664 1552
13 0 1968 816 1968 912
13 0 1968 1088 1968 1200
13 0 1968 1360 1968 1472
13 0 2112 1584 2112 1632
13 0 2240 1312 2240 1568
13 0 2304 1040 2304 1504
13 0 2352 1712 2352 1728
13 0 2368 768 2368 1424
13 5 2192 768 seg1[3:0]
13 5 928 928 RES
13 5 2112 1040 seg2[3:0]
13 5 944 1104 EN
13 5 336 1296 MR[1:0]
13 5 1184 1296 D15
13 5 2080 1312 seg3[3:0]
13 5 256 1376 PR
13 5 2832 1520 s[3:0]
13 5 3376 1536 y[1:8]
13 5 2096 1584 seg4[3:0]
13 5 2928 1744 SEG[3:0]
13 8 2192 768 0
13 8 928 928 1
13 8 2112 1040 0
13 8 944 1104 1
13 8 336 1296 1
13 8 1184 1296 2
13 8 2080 1312 0
13 8 256 1376 1
13 8 2832 1520 0
13 8 3376 1536 2
13 8 2096 1584 0
13 8 2928 1744 2
17 0 mux4 2464 1776 0
17 0 7
17 0 mux4 2384 1392 0
13 2 2800 1744 2928 1744
13 0 2800 1616 2928 1616
13 0 2928 1616 2928 1744
13 2 2368 768 2368 1424
13 0 2384 1456 2384 768
13 0 2384 768 2368 768
13 2 2304 1040 2304 1504
13 0 2304 1520 2304 1040
13 2 2112 1584 2112 1632
13 0 2176 1648 2176 1584
13 0 2176 1584 2112 1584
13 0 2304 1520 2384 1520
13 0 2240 1568 2384 1568
13 0 2384 1568 2384 1584
13 0 2176 1648 2384 1648
13 0 2800 1568 2992 1568
13 2 2800 1568 2992 1568
13 0 2400 1712 2400 1696
13 0 2400 1696 2384 1696
13 0 2368 1712 2400 1712
13 2 2368 1712 2400 1712
13 2 2352 1712 2368 1712
13 2 2304 1520 2384 1520
13 2 2800 1520 2832 1520
13 2 2240 1568 2384 1568
13 2 2800 1616 2928 1616
13 2 2176 1648 2384 1648
13 2 2384 1696 2400 1696
13 2 2384 768 2384 1456
13 2 2384 1568 2384 1584
13 2 2400 1696 2400 1712
17 0 7
17 0 mux4 2384 1392 0
13 0 2304 1520 2384 1520
13 0 2800 1520 2832 1520
13 0 2368 1568 2384 1568
13 0 2240 1568 2368 1568
13 0 2816 1616 2800 1616
13 0 2816 1616 2928 1616
13 0 2352 1648 2384 1648
13 0 2176 1648 2352 1648
13 0 2384 1696 2400 1696
13 0 2384 1392 2384 1456
13 0 2384 768 2384 1392
13 0 2384 1568 2384 1584
13 0 2400 1696 2400 1712
13 0 2320 1728 2352 1728
13 2 2320 1728 2352 1728
13 2 1520 1728 2320 1728
13 0 2320 1728 1520 1728
13 0 2320 1728 2352 1728
13 2 2304 1520 2384 1520
13 2 2800 1520 2832 1520
13 2 2240 1568 2384 1568
13 2 2800 1616 2928 1616
13 2 2176 1648 2384 1648
13 2 2384 1696 2400 1696
13 2 2384 768 2384 1456
13 2 2384 1568 2384 1584
13 2 2400 1696 2400 1712
17 0 7
17 0 mux4 2384 1392 0
13 0 2304 1520 2384 1520
13 0 2800 1520 2832 1520
13 0 2368 1568 2384 1568
13 0 2240 1568 2368 1568
13 0 2816 1616 2800 1616
13 0 2816 1616 2928 1616
13 0 2352 1648 2384 1648
13 0 2176 1648 2352 1648
13 0 2384 1696 2400 1696
13 0 2384 1392 2384 1456
13 0 2384 768 2384 1392
13 0 2384 1568 2384 1584
13 0 2400 1696 2400 1712
13 2 2304 1520 2384 1520
13 2 2800 1520 2832 1520
13 2 2240 1568 2384 1568
13 2 2800 1616 2928 1616
13 2 2176 1648 2384 1648
13 2 2384 1696 2400 1696
13 2 2384 768 2384 1456
13 2 2384 1568 2384 1584
13 2 2400 1696 2400 1712
17 0 7
17 0 mux4 2384 1392 0
13 0 2304 1520 2384 1520
13 0 2800 1520 2832 1520
13 0 2368 1568 2384 1568
13 0 2240 1568 2368 1568
13 0 2816 1616 2800 1616
13 0 2816 1616 2928 1616
13 0 2352 1648 2384 1648
13 0 2176 1648 2352 1648
13 0 2384 1696 2400 1696
13 0 2384 1392 2384 1456
13 0 2384 768 2384 1392
13 0 2384 1568 2384 1584
13 0 2400 1696 2400 1712
13 2 2352 1712 2352 1728
13 0 2400 1712 2400 1728
13 0 2400 1728 2352 1728
13 2 2304 1520 2384 1520
13 2 2800 1520 2832 1520
13 2 2240 1568 2384 1568
13 2 2800 1616 2928 1616
13 2 2176 1648 2384 1648
13 2 2384 1696 2400 1696
13 2 2384 768 2384 1456
13 2 2384 1568 2384 1584
13 2 2400 1696 2400 1728
17 0 7
17 0 mux4 2384 1392 0
13 0 2304 1520 2384 1520
13 0 2800 1520 2832 1520
13 0 2368 1568 2384 1568
13 0 2240 1568 2368 1568
13 0 2816 1616 2800 1616
13 0 2816 1616 2928 1616
13 0 2352 1648 2384 1648
13 0 2176 1648 2352 1648
13 0 2384 1696 2400 1696
13 0 2384 1392 2384 1456
13 0 2384 768 2384 1392
13 0 2384 1568 2384 1584
13 0 2400 1696 2400 1728
13 2 2304 1520 2384 1520
13 2 2800 1520 2832 1520
13 2 2240 1568 2384 1568
13 2 2800 1616 2928 1616
13 2 2176 1648 2384 1648
13 2 2384 1696 2400 1696
13 2 2384 768 2384 1456
13 2 2384 1568 2384 1584
13 2 2400 1696 2400 1728
17 0 7
17 0 mux4 2384 1392 0
13 0 2304 1520 2384 1520
13 0 2800 1520 2832 1520
13 0 2368 1568 2384 1568
13 0 2240 1568 2368 1568
13 0 2816 1616 2800 1616
13 0 2816 1616 2928 1616
13 0 2352 1648 2384 1648
13 0 2176 1648 2352 1648
13 0 2384 1696 2400 1696
13 0 2384 1392 2384 1456
13 0 2384 768 2384 1392
13 0 2384 1568 2384 1584
13 0 2400 1696 2400 1728
13 0 2368 1728 2400 1728
13 2 2368 1728 2400 1728
13 2 1520 1728 2368 1728
13 0 2368 1728 1520 1728
13 0 2368 1728 2400 1728
13 0 2368 1728 2400 1728
13 2 2368 1728 2400 1728
13 2 1520 1728 2368 1728
13 2 2304 1520 2384 1520
13 2 2800 1520 2832 1520
13 2 2240 1568 2384 1568
13 2 2800 1616 2928 1616
13 2 2176 1648 2384 1648
13 2 2384 1696 2400 1696
13 2 2384 768 2384 1456
13 2 2384 1568 2384 1584
13 2 2400 1696 2400 1728
17 0 7
17 0 mux4 2384 1392 0
13 0 2304 1520 2384 1520
13 0 2800 1520 2832 1520
13 0 2368 1568 2384 1568
13 0 2240 1568 2368 1568
13 0 2816 1616 2800 1616
13 0 2816 1616 2928 1616
13 0 2352 1648 2384 1648
13 0 2176 1648 2352 1648
13 0 2384 1696 2400 1696
13 0 2384 1392 2384 1456
13 0 2384 768 2384 1392
13 0 2384 1568 2384 1584
13 0 2400 1696 2400 1728
13 2 2304 1520 2384 1520
13 2 2800 1520 2832 1520
13 2 2240 1568 2384 1568
13 2 2800 1616 2928 1616
13 2 2176 1648 2384 1648
13 2 2384 1696 2400 1696
13 2 2384 768 2384 1456
13 2 2384 1568 2384 1584
13 2 2400 1696 2400 1728
17 0 7
17 0 mux4 2384 1392 0
13 0 2304 1520 2384 1520
13 0 2800 1520 2832 1520
13 0 2368 1568 2384 1568
13 0 2240 1568 2368 1568
13 0 2816 1616 2800 1616
13 0 2816 1616 2928 1616
13 0 2352 1648 2384 1648
13 0 2176 1648 2352 1648
13 0 2384 1696 2400 1696
13 0 2384 1392 2384 1456
13 0 2384 768 2384 1392
13 0 2384 1568 2384 1584
13 0 2400 1696 2400 1728
13 2 2304 1520 2384 1520
13 2 2800 1520 2832 1520
13 2 2240 1568 2384 1568
13 2 2800 1616 2928 1616
13 2 2176 1648 2384 1648
13 2 2384 1696 2400 1696
13 2 2384 768 2384 1456
13 2 2384 1568 2384 1584
13 2 2400 1696 2400 1728
17 0 7
17 0 mux4 2384 1392 0
13 0 2304 1520 2384 1520
13 0 2800 1520 2832 1520
13 0 2368 1568 2384 1568
13 0 2240 1568 2368 1568
13 0 2816 1616 2800 1616
13 0 2816 1616 2928 1616
13 0 2352 1648 2384 1648
13 0 2176 1648 2352 1648
13 0 2384 1696 2400 1696
13 0 2384 1392 2384 1456
13 0 2384 768 2384 1392
13 0 2384 1568 2384 1584
13 0 2400 1696 2400 1728
13 0 1520 1728 2384 1728
13 0 2384 1728 2384 1696
13 0 2400 1728 2400 1696
17 0 7
13 0 2400 1712 2400 1696
13 2 2400 1696 2400 1712
13 2 2400 1712 2400 1728
13 2 2384 1696 2400 1696
17 0 mux4 2384 1392 0
13 2 2304 1520 2384 1520
13 2 2800 1520 2832 1520
13 2 2240 1568 2384 1568
13 2 2800 1616 2928 1616
13 2 2176 1648 2384 1648
13 2 1520 1728 2384 1728
13 2 2384 768 2384 1456
13 2 2384 1568 2384 1584
13 2 2384 1696 2384 1728
17 0 7
17 0 mux4 2384 1392 0
13 0 2304 1520 2384 1520
13 0 2800 1520 2832 1520
13 0 2368 1568 2384 1568
13 0 2240 1568 2368 1568
13 0 2816 1616 2800 1616
13 0 2816 1616 2928 1616
13 0 2352 1648 2384 1648
13 0 2176 1648 2352 1648
13 0 2336 1728 2384 1728
13 0 1520 1728 2336 1728
13 0 2384 1392 2384 1456
13 0 2384 768 2384 1392
13 0 2384 1568 2384 1584
13 0 2384 1696 2384 1728
13 0 2800 1568 2992 1568
13 0 2864 1568 2992 1568
13 2 2864 1568 2992 1568
13 2 2800 1568 2864 1568
