10 1 1
10 1 1
10 1 1
17 0 srff 1184 1536 0
17 0 8
17 0 srff 784 1552 0
17 0 8
17 0 srff 784 1520 0
13 0 784 1568 624 1568
13 0 784 1600 624 1600
17 0 inv 528 1520 0
17 0 inv 528 1552 0
13 0 528 1568 384 1568
13 0 528 1600 384 1600
13 5 384 1568 Start
13 5 384 1600 Stop
13 8 384 1568 1
13 8 384 1600 1
13 0 944 1104 960 1104
13 2 944 1104 960 1104
13 7 944 1104
13 8 944 1104 0
13 8 944 1104 0
13 0 960 1104 960 1584
13 0 960 1584 928 1584
13 0 1504 1568 1392 1568
13 0 1392 1568 1392 1520
13 2 1392 1520 1392 1568
13 2 1392 1568 1504 1568
13 0 2800 1568 2992 1568
