10 1 1
10 1 1
10 1 1
17 0 clkgen 320 1168 0
17 0 dec7s 2464 1136 0
17 0 dek1z 1552 704 0
17 0 dek1z 1552 976 0
17 0 dek1z 1552 1248 0
17 0 dek1z 1552 1520 0
13 0 1024 1248 1312 1248
13 0 1312 1248 1312 1072
13 0 1312 1072 1312 752
13 0 1312 752 1552 752
13 0 1856 832 1856 928
13 0 1856 928 1776 928
13 0 1776 928 1552 928
13 0 1552 928 1552 1024
13 0 1856 1104 1856 1216
13 0 1856 1216 1760 1216
13 0 1760 1216 1552 1216
13 0 1552 1216 1552 1296
13 0 1856 1376 1856 1488
13 0 1856 1488 1808 1488
13 0 1808 1488 1552 1488
13 0 1552 1488 1552 1568
17 0 osch 2144 1440 0
17 0 7
17 0 mux41 2128 1104 0
17 0 7
