10 1 1
10 1 1
10 1 1
17 0 mux4 2272 1392 0
13 0 1024 1376 1408 1376
13 0 1408 1376 1408 1744
13 0 1408 1744 2272 1744
13 0 2272 1744 2272 1696
13 0 1856 784 2256 784
13 0 2256 784 2256 1136
13 0 2256 1136 2256 1456
13 0 2256 1456 2272 1456
13 5 2080 784 seg1[3:0]
13 0 1856 1056 2192 1056
13 0 2192 1056 2192 1296
13 0 2192 1296 2192 1520
13 0 2192 1520 2272 1520
13 0 1856 1328 2128 1328
13 0 2128 1328 2128 1584
13 0 2128 1584 2272 1584
13 0 1856 1600 2000 1600
13 0 2000 1600 2000 1632
13 0 2000 1632 2000 1648
13 0 2000 1648 2272 1648
17 0 or2 1328 1120 0
17 0 8
17 0 or2 992 912 0
17 0 8
17 0 or2 880 896 0
13 0 1024 960 1440 960
13 0 1440 960 1440 816
13 2 1440 816 1440 960
13 2 1024 960 1440 960
13 0 1024 960 1488 960
13 0 1488 960 1488 848
13 0 1488 848 1552 848
13 0 1488 960 1488 1120
13 0 1488 1120 1552 1120
13 0 1488 1120 1488 1392
13 0 1488 1392 1552 1392
13 0 1488 1392 1488 1664
13 0 1488 1664 1552 1664
13 0 1856 1648 1856 1824
13 0 1856 1824 1152 1824
13 0 1152 1824 1152 1088
13 0 1152 1088 880 1088
13 0 880 1088 880 976
13 0 880 944 816 944
13 5 816 944 RES
13 0 816 1136 1424 1136
13 0 1424 1136 1424 832
13 0 1424 832 1552 832
13 2 1424 832 1552 832
13 2 1424 832 1424 1136
13 2 816 1136 1424 1136
13 0 832 1120 1408 1120
13 0 1408 1120 1408 816
13 0 1408 816 1552 816
13 0 1408 1088 1552 1088
13 0 1408 1120 1408 1360
13 0 1408 1360 1552 1360
13 0 1408 1360 1312 1360
13 0 1312 1360 1312 1632
13 0 1312 1632 1552 1632
13 5 832 1120 EN
17 0 2
17 0 dec7s 2720 1232 0
17 0 2
17 0 dec7s 2752 1472 0
17 0 2
17 0 dec7s 2816 1456 0
13 5 2000 1056 seg2[3:0]
13 5 1968 1328 seg3[3:0]
13 5 1984 1600 seg4[3:0]
13 0 2688 1536 2816 1536
13 0 2816 1536 2816 1520
13 5 2720 1536 s[3:0]
13 2 2720 1536 2816 1536
13 2 2816 1520 2816 1536
17 0 2
17 0 dec7s 2816 1472 0
13 0 2816 1552 2816 1536
13 0 2720 1536 2816 1536
13 0 2816 1536 2816 1552
13 2 2720 1536 2816 1536
13 2 2816 1536 2816 1552
17 0 2
17 0 dec7s 2912 1472 0
13 0 2720 1536 2912 1536
13 0 2912 1536 2912 1552
13 2 2720 1536 2912 1536
13 2 2912 1536 2912 1552
17 0 2
17 0 dec7s 2896 1472 0
13 0 2720 1536 2896 1536
13 0 2896 1536 2896 1552
13 2 2720 1536 2896 1536
13 2 2896 1536 2896 1552
17 0 2
17 0 dec7s 2896 1456 0
13 0 2896 1520 2896 1536
13 0 2720 1536 2896 1536
13 0 2896 1520 2896 1536
13 2 2720 1536 2896 1536
13 2 2896 1520 2896 1536
17 0 2
17 0 dec7s 2896 1456 0
13 0 2720 1536 2896 1536
13 0 2896 1520 2896 1536
13 2 2720 1536 2896 1536
13 2 2896 1520 2896 1536
13 0 2896 1520 2720 1520
13 0 2720 1520 2720 1536
13 2 2720 1520 2896 1520
17 0 2
17 0 dec7s 2880 1472 0
13 0 2880 1536 2880 1520
13 0 2720 1520 2880 1520
13 0 2832 1520 2880 1520
13 2 2832 1520 2880 1520
13 2 2720 1520 2832 1520
13 0 2832 1536 2720 1536
13 0 2720 1536 2720 1520
13 0 2832 1536 2880 1536
13 0 2880 1536 2880 1520
13 2 2720 1520 2720 1536
13 2 2880 1520 2880 1536
13 0 2688 1600 2688 1760
13 0 2688 1760 2816 1760
13 5 2816 1760 SEG[3:0]
13 0 3184 1552 3264 1552
13 5 3264 1552 y[1:8]
13 8 3264 1552 2
13 8 2816 1760 2
13 8 816 944 1
13 8 832 1120 1
13 0 320 1248 240 1248
13 0 272 1248 272 1200
13 0 272 1200 240 1200
13 5 304 1248 ml[0]
13 7 304 1248
13 5 256 1200 ml[0]
13 5 256 1248 ml[1]
13 5 256 1248 ml[1]
13 5 256 1248 ml[1]
13 5 256 1248 ml[1]
13 7 256 1200
13 2 240 1200 272 1200
13 2 272 1200 272 1248
13 2 240 1248 320 1248
13 0 208 1248 320 1248
13 2 208 1248 320 1248
13 0 224 1248 320 1248
13 5 256 1248 ML[1:0]
13 4 224 1248 144 1248
13 0 240 1152 208 1152
13 4 240 1248 240 1152
13 2 208 1152 240 1152
13 4 240 1248 240 1088
13 4 288 1248 288 1088
13 5 240 1168 ML[0]
13 5 288 1152 ML[1]
17 0 vlo 192 1088 0
13 0 192 1088 288 1088
13 0 192 1088 240 1088
13 0 240 1088 288 1088
13 2 192 1088 240 1088
13 0 192 1088 240 1088
13 0 240 1088 288 1088
13 0 224 1088 224 1072
13 0 224 1072 288 1072
13 0 288 1072 288 1088
13 2 224 1072 288 1072
13 0 224 1072 288 1072
13 0 288 1072 288 1088
13 2 224 1072 288 1072
13 0 288 1088 224 1088
13 2 224 1072 224 1088
17 0 vlo 320 1088 0
13 0 288 1088 320 1088
13 0 320 1312 224 1312
13 0 320 1392 224 1392
17 0 cu2 288 1648 0
17 0 11
17 0 vlo 272 1360 0
13 0 272 1360 320 1360
13 0 224 1392 192 1392
13 0 192 1392 144 1392
13 0 224 1312 224 1568
13 0 224 1568 432 1568
13 0 432 1568 912 1568
13 0 912 1568 912 1648
13 2 912 1568 912 1648
13 0 432 1568 912 1568
13 2 432 1568 912 1568
13 2 224 1568 432 1568
13 2 224 1312 224 1568
13 5 224 1312 MR[1:0]
13 5 144 1392 PR
13 0 1024 1312 1072 1312
13 5 1072 1312 D15
13 8 224 1312 1
13 8 144 1392 1
13 8 1072 1312 2
13 2 1024 960 1488 960
13 0 1488 960 1488 848
13 2 1488 848 1488 960
13 2 1488 960 1488 1120
13 0 1488 960 1488 1120
13 0 1488 960 1488 848
13 0 1488 960 1024 960
17 0 8
13 0 880 1008 880 976
13 2 880 976 880 1008
13 2 880 1008 880 1088
13 0 992 1088 1152 1088
13 2 992 1088 1152 1088
13 2 880 1088 992 1088
13 0 1152 1200 1152 1088
13 2 1152 1088 1152 1200
13 2 1152 1200 1152 1824
13 0 1376 1824 1856 1824
13 2 1376 1824 1856 1824
13 2 1152 1824 1376 1824
13 0 1376 1824 1152 1824
13 0 1376 1824 1856 1824
13 0 1280 1824 1856 1824
13 2 1280 1824 1856 1824
13 2 1152 1824 1280 1824
13 0 1856 1696 1856 1648
13 2 1856 1648 1856 1696
13 2 1856 1696 1856 1824
13 0 1536 1664 1552 1664
13 2 1536 1664 1552 1664
13 2 1488 1664 1536 1664
13 0 1488 1568 1488 1392
13 2 1488 1392 1488 1568
13 2 1488 1568 1488 1664
13 0 1504 1392 1552 1392
13 2 1504 1392 1552 1392
13 2 1488 1392 1504 1392
13 0 1488 1312 1488 1120
13 2 1488 1120 1488 1312
13 2 1488 1312 1488 1392
13 0 1504 1120 1552 1120
13 2 1504 1120 1552 1120
13 2 1488 1120 1504 1120
13 0 1488 1024 1488 960
13 2 1488 960 1488 1024
13 2 1488 1024 1488 1120
13 0 1472 960 1488 960
13 2 1472 960 1488 960
13 2 1024 960 1472 960
13 0 1488 928 1488 848
13 2 1488 848 1488 928
13 2 1488 928 1488 960
13 0 1536 848 1552 848
13 2 1536 848 1552 848
13 2 1488 848 1536 848
13 0 880 944 1488 944
13 0 1488 944 1488 848
13 0 1488 848 1552 848
13 0 1488 944 1488 1120
13 0 1488 1120 1552 1120
13 0 1488 1120 1488 1392
13 0 1488 1392 1552 1392
13 0 1488 1392 1488 1664
13 0 1488 1664 1552 1664
17 0 9
13 2 192 1088 240 1088
13 2 288 1088 320 1088
13 0 224 1248 240 1248
13 2 224 1248 240 1248
13 2 240 1248 256 1248
13 0 256 1248 288 1248
13 2 256 1248 288 1248
13 2 288 1248 320 1248
13 2 240 1088 240 1168
13 2 288 1088 288 1152
13 7 256 1248
13 7 240 1168
13 7 288 1152
13 8 256 1248 0
13 8 240 1168 0
13 8 288 1152 0
17 0 10
17 0 vlo 304 1088 0
17 0 10
17 0 vlo 304 1088 0
17 0 10
13 0 288 1360 320 1360
13 2 288 1360 320 1360
13 2 272 1360 288 1360
17 0 11
17 0 ifs1p3bx 608 1648 0
17 0 11
17 0 sgsr 560 1680 0
17 0 11
17 0 fd1s1a 528 1584 0
17 0 11
17 0 fd1s1a 832 1504 0
17 0 11
