
synthesis -f "Lauflicht_Lauflicht_lattice.synproj"
synthesis:  version Diamond (64-bit) 3.1.0.96

Copyright (c) 1991-1994 by NeoCAD Inc. All rights reserved.
Copyright (c) 1995 AT&T Corp.   All rights reserved.
Copyright (c) 1995-2001 Lucent Technologies Inc.  All rights reserved.
Copyright (c) 2001 Agere Systems   All rights reserved.
Copyright (c) 2002-2014 Lattice Semiconductor Corporation,  All rights reserved.
Tue Jun 19 22:58:21 2018


Command Line:  synthesis -f Lauflicht_Lauflicht_lattice.synproj -gui 

-- all messages logged in file synthesis.log

Synthesis options:
The -a option is MachXO2.
The -s option is 4.
The -t option is TQFP100.
The -d option is LCMXO2-256HC.
Using package TQFP100.
Using performance grade 4.
INFO:                                                           

INFO: ##########################################################

INFO: ### Lattice Family : MachXO2

INFO: ### Device  : LCMXO2-256HC

INFO: ### Package : TQFP100

INFO: ### Speed   : 4

INFO: ##########################################################

INFO:                                                           

Optimization goal = Balanced
Top-level module name = lauflicht.
Target frequency = 200.000000 MHz.
Maximum fanout = 1000.
Timing path count = 3
BRAM utilization = 100.000000 %
DSP usage = true (default)
DSP utilization = 100 % (default)
fsm_encoding_style = auto
resolve_mixed_drivers = 0
INFO: fix_gated_clocks = 1

Mux style = Auto
Use Carry Chain = true
carry_chain_length = 0
Use IO Insertion = TRUE
Use IO Reg = TRUE
Resource Sharing = TRUE
Propagate Constants = TRUE
Remove Duplicate Registers = TRUE
force_gsr = auto
ROM style = auto
RAM style = auto
The -comp option is FALSE.
The -syn option is FALSE.
-p C:/lscc/diamond/3.1_x64/ispfpga/xo2c00/data (searchpath added)
-p C:/Users/rrhar/Desktop/DT/Timer/Lauflicht (searchpath added)
-p C:/Users/rrhar/Desktop/DT/Timer (searchpath added)
VHDL library = work
VHDL design file = C:/Users/rrhar/Desktop/DT/Timer/clkgen.vhd
VHDL design file = C:/Users/rrhar/Desktop/DT/Timer/lauflicht.vhd
VHDL design file = C:/Users/rrhar/Desktop/DT/Timer/CT.vhd
NGD file = Lauflicht_Lauflicht.ngd
-sdc option: SDC file input not used.
-lpf option: Output file option is OFF.
Hardtimer checking is enabled (default). The -dt option is not used.
The -r option is OFF. [ Remove LOC Properties is OFF. ]
-- Technology check ok...

Recompile design.
-- Technology check ok...

Compile Design Begin
Top module name (VHDL): lauflicht
Last elaborated design is lauflicht(behaviour)
Loading NGL library 'C:/lscc/diamond/3.1_x64/ispfpga/xo2c00/data/xo2clib.ngl'...
Loading NGL library 'C:/lscc/diamond/3.1_x64/ispfpga/mg5g00/data/mg5glib.ngl'...
Loading NGL library 'C:/lscc/diamond/3.1_x64/ispfpga/or5g00/data/orc5glib.ngl'...
Loading device for application map from file 'xo2c256.nph' in environment: C:/lscc/diamond/3.1_x64/ispfpga.
Package Status:                     Final          Version 1.37
Top-level module name = lauflicht.



GSR instance connected to net n1.
GSR will not be inferred because no asynchronous signal was found in the netlist.
    <postMsg mid="35001609" type="Warning" dynamic="0" navigation="0"  />
INFO: Applying 200.000000 MHz constraint to all clocks

Results of NGD DRC are available in lauflicht_drc.log.
Loading NGL library 'C:/lscc/diamond/3.1_x64/ispfpga/xo2c00/data/xo2clib.ngl'...
Loading NGL library 'C:/lscc/diamond/3.1_x64/ispfpga/mg5g00/data/mg5glib.ngl'...
Loading NGL library 'C:/lscc/diamond/3.1_x64/ispfpga/or5g00/data/orc5glib.ngl'...


Running DRC...

    <postMsg mid="1166052" type="Warning" dynamic="2" navigation="0" arg0="logical" arg1="Clock/Counter.Counter03Hz_35_add_4_9/CO"  />
    <postMsg mid="1166052" type="Warning" dynamic="2" navigation="0" arg0="logical" arg1="Clock/Counter.Counter03Hz_35_add_4_1/S0"  />
    <postMsg mid="1163101" type="Warning" dynamic="1" navigation="0" arg0="2"  />

Design Results:
    114 blocks expanded
completed the first expansion
All blocks are expanded and NGD expansion is successful.
Writing NGD file Lauflicht_Lauflicht.ngd.

################### Begin Area Report (lauflicht)######################
Number of register bits => 34 of 192 (17 % )
CCU2D => 5
EFB => 1
FD1S3AX => 11
FD1S3AY => 1
FD1S3IX => 22
GSR => 1
IB => 8
LUT4 => 49
OB => 10
OSCH => 1
PFUMX => 2
################### End Area Report ##################

################### Begin Clock Report ######################
Clock Nets
Number of Clocks: 2
  Net : Clk200Hz, loads : 26
  Net : D14_c, loads : 9
Clock Enable Nets
Number of Clock Enables: 0
Highest fanout non-clock nets
Top 10 highest fanout non-clock nets:
  Net : n130, loads : 10
  Net : DIR_c, loads : 8
  Net : INV_c, loads : 8
  Net : n132, loads : 8
  Net : n131, loads : 7
  Net : Counter.Counter1Hz_2, loads : 6
  Net : n7, loads : 6
  Net : Counter.Counter3Hz_1, loads : 6
  Net : n6_adj_1, loads : 6
  Net : Counter.Counter1Hz_3, loads : 5
################### End Clock Report ##################

Timing Report Summary
--------------
--------------------------------------------------------------------------------
Constraint                              |   Constraint|       Actual|Levels
--------------------------------------------------------------------------------
                                        |             |             |
create_clock -period 5.000000 -name     |             |             |
clk1 [get_nets D14_c]                   |  200.000 MHz|  298.240 MHz|     2  
                                        |             |             |
create_clock -period 5.000000 -name     |             |             |
clk0 [get_nets \Clock/Clk200Hz]         |            -|            -|     0  
                                        |             |             |
--------------------------------------------------------------------------------


All constraints were met.


Peak Memory Usage: 121.180  MB

--------------------------------------------------------------
Elapsed CPU time for LSE flow : 4.422  secs
--------------------------------------------------------------

map -a "MachXO2" -p LCMXO2-256HC -t TQFP100 -s 4 -oc Commercial   "Lauflicht_Lauflicht.ngd" -o "Lauflicht_Lauflicht_map.ncd" -pr "Lauflicht_Lauflicht.prf" -mp "Lauflicht_Lauflicht.mrp" "C:/Users/rrhar/Desktop/DT/Timer/Lauflicht.lpf" -c 0            
map:  version Diamond (64-bit) 3.1.0.96

Copyright (c) 1991-1994 by NeoCAD Inc. All rights reserved.
Copyright (c) 1995 AT&T Corp.   All rights reserved.
Copyright (c) 1995-2001 Lucent Technologies Inc.  All rights reserved.
Copyright (c) 2001 Agere Systems   All rights reserved.
Copyright (c) 2002-2014 Lattice Semiconductor Corporation,  All rights reserved.
   Process the file: Lauflicht_Lauflicht.ngd
   Picdevice="LCMXO2-256HC"

   Pictype="TQFP100"

   Picspeed=4

   Remove unused logic

   Do not produce over sized NCDs.

Part used: LCMXO2-256HCTQFP100, Performance used: 4.

Loading device for application map from file 'xo2c256.nph' in environment: C:/lscc/diamond/3.1_x64/ispfpga.
Package Status:                     Final          Version 1.37

Running general design DRC...

Removing unused logic...

Optimizing...

    <postMsg mid="51001030" type="Warning" dynamic="1" navigation="0" arg0="VCC_net"  />



Design Summary:
   Number of registers:     34 out of   424 (8%)
      PFU registers:           34 out of   256 (13%)
      PIO registers:            0 out of   168 (0%)
   Number of SLICEs:        30 out of   128 (23%)
      SLICEs as Logic/ROM:     30 out of   128 (23%)
      SLICEs as RAM:            0 out of    96 (0%)
      SLICEs as Carry:          5 out of   128 (4%)
   Number of LUT4s:         60 out of   256 (23%)
      Number of logic LUTs:       50
      Number of distributed RAM:   0 (0 LUT4s)
      Number of ripple logic:      5 (10 LUT4s)
      Number of shift registers:   0
   Number of PIO sites used: 18 + 4(JTAG) out of 56 (39%)
   Number of block RAMs:  0 out of 0
   Number of GSRs:  1 out of 1 (100%)
   EFB used :       Yes
   JTAG used :      No
   Readback used :  No
   Oscillator used :  Yes
   Startup used :   No
   POR :            On
   Bandgap :        On
   Number of Power Controller:  0 out of 1 (0%)
   Number of Dynamic Bank Controller (BCINRD):  0 out of 4 (0%)
   Number of DCCA:  0 out of 8 (0%)
   Number of DCMA:  0 out of 2 (0%)
   Notes:-
      1. Total number of LUT4s = (Number of logic LUT4s) + 2*(Number of distributed RAMs) + 2*(Number of ripple logic)
      2. Number of logic LUT4s does not include count of distributed RAM and ripple logic.
   Number of clocks:  3
     Net Clock/Clk200Hz: 18 loads, 18 rising, 0 falling (Driver: Clock/CTInst0/EFBInst_0 )
     Net Clock/ClkOsc: 1 loads, 1 rising, 0 falling (Driver: Clock/OscInst0 )
     Net D14_c: 4 loads, 4 rising, 0 falling (Driver: Clock/i293/GATE )
   Number of Clock Enables:  0
   Number of LSRs:  4
     Net Clock/n132: 5 loads, 5 LSLICEs
     Net Clock/n131: 4 loads, 4 LSLICEs
     Net Clock/n130: 5 loads, 5 LSLICEs
     Net VCC_net: 1 loads, 0 LSLICEs
   Number of nets driven by tri-state buffers:  0
   Top 10 highest fanout non-clock nets:
     Net DIR_c: 8 loads
     Net INV_c: 8 loads
     Net Clock/Counter.Counter1Hz_2: 6 loads
     Net Clock/Counter.Counter3Hz_1: 6 loads
     Net Clock/n130: 6 loads
     Net Clock/n132: 6 loads
     Net Clock/n6_adj_1: 6 loads
     Net Clock/n7: 6 loads
     Net Clock/Counter.Counter1Hz_3: 5 loads
     Net Clock/n131: 5 loads
 

   Number of warnings:  1
   Number of errors:    0



Total CPU Time: 1 secs  
Total REAL Time: 2 secs  
Peak Memory Usage: 63 MB

Dumping design to file Lauflicht_Lauflicht_map.ncd.

trce -f "Lauflicht_Lauflicht.mt" -o "Lauflicht_Lauflicht.tw1" "Lauflicht_Lauflicht_map.ncd" "Lauflicht_Lauflicht.prf"
trce:  version Diamond (64-bit) 3.1.0.96

Copyright (c) 1991-1994 by NeoCAD Inc. All rights reserved.
Copyright (c) 1995 AT&T Corp.   All rights reserved.
Copyright (c) 1995-2001 Lucent Technologies Inc.  All rights reserved.
Copyright (c) 2001 Agere Systems   All rights reserved.
Copyright (c) 2002-2014 Lattice Semiconductor Corporation,  All rights reserved.

Loading design for application trce from file lauflicht_lauflicht_map.ncd.
Design name: lauflicht
NCD version: 3.2
Vendor:      LATTICE
Device:      LCMXO2-256HC
Package:     TQFP100
Performance: 4
Loading device for application trce from file 'xo2c256.nph' in environment: C:/lscc/diamond/3.1_x64/ispfpga.
Package Status:                     Final          Version 1.37
Performance Hardware Data Status:   Final)         Version 23.4
Setup and Hold Report

--------------------------------------------------------------------------------
Lattice TRACE Report - Setup, Version Diamond (64-bit) 3.1.0.96
Tue Jun 19 22:58:32 2018

Copyright (c) 1991-1994 by NeoCAD Inc. All rights reserved.
Copyright (c) 1995 AT&T Corp.   All rights reserved.
Copyright (c) 1995-2001 Lucent Technologies Inc.  All rights reserved.
Copyright (c) 2001 Agere Systems   All rights reserved.
Copyright (c) 2002-2014 Lattice Semiconductor Corporation,  All rights reserved.

Report Information
------------------
Command line:    trce -v 1 -gt -mapchkpnt 0 -sethld -o Lauflicht_Lauflicht.tw1 -gui Lauflicht_Lauflicht_map.ncd Lauflicht_Lauflicht.prf 
Design file:     lauflicht_lauflicht_map.ncd
Preference file: lauflicht_lauflicht.prf
Device,speed:    LCMXO2-256HC,4
Report level:    verbose report, limited to 1 item per preference
--------------------------------------------------------------------------------



Timing summary (Setup):
---------------

Timing errors: 0  Score: 0
Cumulative negative slack: 0

Constraints cover 0 paths, 1 nets, and 162 connections (69.8% coverage)

--------------------------------------------------------------------------------
Lattice TRACE Report - Hold, Version Diamond (64-bit) 3.1.0.96
Tue Jun 19 22:58:32 2018

Copyright (c) 1991-1994 by NeoCAD Inc. All rights reserved.
Copyright (c) 1995 AT&T Corp.   All rights reserved.
Copyright (c) 1995-2001 Lucent Technologies Inc.  All rights reserved.
Copyright (c) 2001 Agere Systems   All rights reserved.
Copyright (c) 2002-2014 Lattice Semiconductor Corporation,  All rights reserved.

Report Information
------------------
Command line:    trce -v 1 -gt -mapchkpnt 0 -sethld -o Lauflicht_Lauflicht.tw1 -gui Lauflicht_Lauflicht_map.ncd Lauflicht_Lauflicht.prf 
Design file:     lauflicht_lauflicht_map.ncd
Preference file: lauflicht_lauflicht.prf
Device,speed:    LCMXO2-256HC,M
Report level:    verbose report, limited to 1 item per preference
--------------------------------------------------------------------------------



Timing summary (Hold):
---------------

Timing errors: 0  Score: 0
Cumulative negative slack: 0

Constraints cover 0 paths, 1 nets, and 162 connections (69.8% coverage)



Timing summary (Setup and Hold):
---------------

Timing errors: 0 (setup), 0 (hold)
Score: 0 (setup), 0 (hold)
Cumulative negative slack: 0 (0+0)
--------------------------------------------------------------------------------

--------------------------------------------------------------------------------

Total time: 3 secs 

ldbanno "Lauflicht_Lauflicht_map.ncd" -n VHDL -o "Lauflicht_Lauflicht_mapvho.vho" -w -neg
ldbanno: version Diamond (64-bit) 3.1.0.96
Copyright (c) 1991-1994 by NeoCAD Inc. All rights reserved.
Copyright (c) 1995 AT&T Corp.   All rights reserved.
Copyright (c) 1995-2001 Lucent Technologies Inc.  All rights reserved.
Copyright (c) 2001 Agere Systems   All rights reserved.
Copyright (c) 2002-2014 Lattice Semiconductor Corporation,  All rights reserved.

Writing a VHDL netlist using the orca library type based on the Lauflicht_Lauflicht_map design file.


Loading design for application ldbanno from file Lauflicht_Lauflicht_map.ncd.
Design name: lauflicht
NCD version: 3.2
Vendor:      LATTICE
Device:      LCMXO2-256HC
Package:     TQFP100
Performance: 4
Loading device for application ldbanno from file 'xo2c256.nph' in environment: C:/lscc/diamond/3.1_x64/ispfpga.
Package Status:                     Final          Version 1.37
Performance Hardware Data Status:   Final)         Version 23.4
Converting design "Lauflicht_Lauflicht_map.ncd" into .ldb format.
Writing VHDL netlist to file Lauflicht_Lauflicht_mapvho.vho
Writing SDF timing to file Lauflicht_Lauflicht_mapvho.sdf
    <postMsg mid="35400250" type="Info"    dynamic="1" navigation="0" arg0="0"  />

mpartrce -p "Lauflicht_Lauflicht.p2t" -f "Lauflicht_Lauflicht.p3t" -tf "Lauflicht_Lauflicht.pt" "Lauflicht_Lauflicht_map.ncd" "Lauflicht_Lauflicht.ncd"

---- MParTrce Tool ----
Removing old design directory at request of -rem command line option to this program.
Running par. Please wait . . .

Lattice Place and Route Report for Design "Lauflicht_Lauflicht_map.ncd"
Tue Jun 19 22:58:38 2018

PAR: Place And Route Diamond (64-bit) 3.1.0.96.
Command Line: par -w -l 5 -i 6 -t 1 -c 0 -e 0 -gui -exp parUseNBR=1:parCDP=0:parCDR=0:parPathBased=OFF Lauflicht_Lauflicht_map.ncd Lauflicht_Lauflicht.dir/5_1.ncd Lauflicht_Lauflicht.prf
Preference file: Lauflicht_Lauflicht.prf.
Placement level-cost: 5-1.
Routing Iterations: 6

Loading design for application par from file Lauflicht_Lauflicht_map.ncd.
Design name: lauflicht
NCD version: 3.2
Vendor:      LATTICE
Device:      LCMXO2-256HC
Package:     TQFP100
Performance: 4
Loading device for application par from file 'xo2c256.nph' in environment: C:/lscc/diamond/3.1_x64/ispfpga.
Package Status:                     Final          Version 1.37
Performance Hardware Data Status:   Final)         Version 23.4
License checked out.


Ignore Preference Error(s):  True
Device utilization summary:

   PIO (prelim)   18+4(JTAG)/56      39% used
                  18+4(JTAG)/56      39% bonded

   SLICE             30/128          23% used

   GSR                1/1           100% used
   OSC                1/1           100% used
   EFB                1/1           100% used


Number of Signals: 105
Number of Connections: 232

Pin Constraint Summary:
   18 out of 18 pins locked (100% locked).

No signal is selected as primary clock.


No signal is selected as secondary clock.

Signal VCC_net is selected as Global Set/Reset.
Starting Placer Phase 0.

Finished Placer Phase 0.  REAL time: 4 secs 

Starting Placer Phase 1.
.................
Placer score = 6128.
Finished Placer Phase 1.  REAL time: 7 secs 

Starting Placer Phase 2.
.
Placer score =  6019
Finished Placer Phase 2.  REAL time: 7 secs 


------------------ Clock Report ------------------

Global Clock Resources:
  CLK_PIN    : 0 out of 8 (0%)
  DCM        : 0 out of 2 (0%)
  DCC        : 0 out of 8 (0%)

Quadrants All (TL, TR, BL, BR) - Global Clocks:

  PRIMARY  : 0 out of 8 (0%)
  SECONDARY: 0 out of 8 (0%)

--------------- End of Clock Report ---------------


I/O Usage Summary (final):
   18 + 4(JTAG) out of 56 (39.3%) PIO sites used.
   18 + 4(JTAG) out of 56 (39.3%) bonded PIO sites used.
   Number of PIO comps: 18; differential: 0
   Number of Vref pins used: 0

I/O Bank Usage Summary:
+----------+----------------+------------+-----------+
| I/O Bank | Usage          | Bank Vccio | Bank Vref |
+----------+----------------+------------+-----------+
| 0        | 0 / 14 (  0%)  | -          | -         |
| 1        | 2 / 14 ( 14%)  | 3.3V       | -         |
| 2        | 11 / 14 ( 78%) | 3.3V       | -         |
| 3        | 5 / 14 ( 35%)  | 3.3V       | -         |
+----------+----------------+------------+-----------+

Total placer CPU time: 6 secs 

Dumping design to file Lauflicht_Lauflicht.dir/5_1.ncd.

0 connections routed; 232 unrouted.
Starting router resource preassignment

    <postMsg mid="66011008" type="Warning" dynamic="0" navigation="0"  />
   Signal=Clock/Clk200Hz loads=18 clock_loads=18
   Signal=Clock/ClkOsc loads=1 clock_loads=1
   Signal=D14_c loads=5 clock_loads=4

Completed router resource preassignment. Real time: 8 secs 

Start NBR router at 22:58:46 06/19/18

*****************************************************************
Info: NBR allows conflicts(one node used by more than one signal)
      in the earlier iterations. In each iteration, it tries to  
      solve the conflicts while keeping the critical connections 
      routed as short as possible. The routing process is said to
      be completed when no conflicts exist and all connections   
      are routed.                                                
Note: NBR uses a different method to calculate timing slacks. The
      worst slack and total negative slack may not be the same as
      that in TRCE report. You should always run TRCE to verify  
      your design. Thanks.                                       
*****************************************************************

Start NBR special constraint process at 22:58:46 06/19/18

Start NBR section for initial routing
Level 4, iteration 1
6(0.03%) conflicts; 0(0.00%) untouched conn; 0 (nbr) score; 
Estimated worst slack/total negative slack<setup>: 1000000000.000ns/0.000ns; real time: 9 secs 

Info: Initial congestion level at 75% usage is 0
Info: Initial congestion area  at 75% usage is 0 (0.00%)

Start NBR section for normal routing
Level 4, iteration 1
4(0.02%) conflicts; 0(0.00%) untouched conn; 0 (nbr) score; 
Estimated worst slack/total negative slack<setup>: 1000000000.000ns/0.000ns; real time: 9 secs 
Level 4, iteration 2
2(0.01%) conflicts; 0(0.00%) untouched conn; 0 (nbr) score; 
Estimated worst slack/total negative slack<setup>: 1000000000.000ns/0.000ns; real time: 9 secs 
Level 4, iteration 3
2(0.01%) conflicts; 0(0.00%) untouched conn; 0 (nbr) score; 
Estimated worst slack/total negative slack<setup>: 1000000000.000ns/0.000ns; real time: 9 secs 
Level 4, iteration 4
2(0.01%) conflicts; 0(0.00%) untouched conn; 0 (nbr) score; 
Estimated worst slack/total negative slack<setup>: 1000000000.000ns/0.000ns; real time: 9 secs 
Level 4, iteration 5
2(0.01%) conflicts; 0(0.00%) untouched conn; 0 (nbr) score; 
Estimated worst slack/total negative slack<setup>: 1000000000.000ns/0.000ns; real time: 9 secs 
Level 4, iteration 6
2(0.01%) conflicts; 0(0.00%) untouched conn; 0 (nbr) score; 
Estimated worst slack/total negative slack<setup>: 1000000000.000ns/0.000ns; real time: 9 secs 
Level 4, iteration 7
2(0.01%) conflicts; 0(0.00%) untouched conn; 0 (nbr) score; 
Estimated worst slack/total negative slack<setup>: 1000000000.000ns/0.000ns; real time: 9 secs 
Level 4, iteration 8
1(0.00%) conflict; 0(0.00%) untouched conn; 0 (nbr) score; 
Estimated worst slack/total negative slack<setup>: 1000000000.000ns/0.000ns; real time: 9 secs 
Level 4, iteration 9
1(0.00%) conflict; 0(0.00%) untouched conn; 0 (nbr) score; 
Estimated worst slack/total negative slack<setup>: 1000000000.000ns/0.000ns; real time: 9 secs 
Level 4, iteration 10
1(0.00%) conflict; 0(0.00%) untouched conn; 0 (nbr) score; 
Estimated worst slack/total negative slack<setup>: 1000000000.000ns/0.000ns; real time: 9 secs 
Level 4, iteration 11
1(0.00%) conflict; 0(0.00%) untouched conn; 0 (nbr) score; 
Estimated worst slack/total negative slack<setup>: 1000000000.000ns/0.000ns; real time: 9 secs 
Level 4, iteration 12
1(0.00%) conflict; 0(0.00%) untouched conn; 0 (nbr) score; 
Estimated worst slack/total negative slack<setup>: 1000000000.000ns/0.000ns; real time: 9 secs 
Level 4, iteration 13
0(0.00%) conflict; 0(0.00%) untouched conn; 0 (nbr) score; 
Estimated worst slack/total negative slack<setup>: 1000000000.000ns/0.000ns; real time: 9 secs 

Start NBR section for re-routing
Level 4, iteration 1
0(0.00%) conflict; 0(0.00%) untouched conn; 0 (nbr) score; 
Estimated worst slack/total negative slack<setup>: 1000000000.000ns/0.000ns; real time: 9 secs 

Start NBR section for post-routing

End NBR router with 0 unrouted connection

NBR Summary
-----------
  Number of unrouted connections : 0 (0.00%)
  Number of connections with timing violations : 0 (0.00%)
  Estimated worst slack<setup> : <n/a>
  Timing score<setup> : 0
-----------
Notes: The timing info is calculated for SETUP only and all PAR_ADJs are ignored.



Hold time optimization iteration 0:
All hold time violations have been successfully corrected in speed grade M

Total CPU time 8 secs 
Total REAL time: 11 secs 
Completely routed.
End of route.  232 routed (100.00%); 0 unrouted.
Checking DRC ... 
No errors found.

Hold time timing score: 0, hold timing errors: 0

Timing score: 0 

Dumping design to file Lauflicht_Lauflicht.dir/5_1.ncd.


PAR_SUMMARY::Run status = completed
PAR_SUMMARY::Number of unrouted conns = 0
PAR_SUMMARY::Worst  slack<setup/<ns>> = 2147483.647
PAR_SUMMARY::Timing score<setup/<ns>> = 0.000
PAR_SUMMARY::Worst  slack<hold /<ns>> = 2147483.647
PAR_SUMMARY::Timing score<hold /<ns>> = 0.000
PAR_SUMMARY::Number of errors = 0

Total CPU  time to completion: 8 secs 
Total REAL time to completion: 11 secs 

par done!

Copyright (c) 1991-1994 by NeoCAD Inc. All rights reserved.
Copyright (c) 1995 AT&T Corp.   All rights reserved.
Copyright (c) 1995-2001 Lucent Technologies Inc.  All rights reserved.
Copyright (c) 2001 Agere Systems   All rights reserved.
Copyright (c) 2002-2014 Lattice Semiconductor Corporation,  All rights reserved.
Exiting par with exit code 0
Exiting mpartrce with exit code 0

trce -f "Lauflicht_Lauflicht.pt" -o "Lauflicht_Lauflicht.twr" "Lauflicht_Lauflicht.ncd" "Lauflicht_Lauflicht.prf"
trce:  version Diamond (64-bit) 3.1.0.96

Copyright (c) 1991-1994 by NeoCAD Inc. All rights reserved.
Copyright (c) 1995 AT&T Corp.   All rights reserved.
Copyright (c) 1995-2001 Lucent Technologies Inc.  All rights reserved.
Copyright (c) 2001 Agere Systems   All rights reserved.
Copyright (c) 2002-2014 Lattice Semiconductor Corporation,  All rights reserved.

Loading design for application trce from file lauflicht_lauflicht.ncd.
Design name: lauflicht
NCD version: 3.2
Vendor:      LATTICE
Device:      LCMXO2-256HC
Package:     TQFP100
Performance: 4
Loading device for application trce from file 'xo2c256.nph' in environment: C:/lscc/diamond/3.1_x64/ispfpga.
Package Status:                     Final          Version 1.37
Performance Hardware Data Status:   Final)         Version 23.4
Setup and Hold Report

--------------------------------------------------------------------------------
Lattice TRACE Report - Setup, Version Diamond (64-bit) 3.1.0.96
Tue Jun 19 22:58:51 2018

Copyright (c) 1991-1994 by NeoCAD Inc. All rights reserved.
Copyright (c) 1995 AT&T Corp.   All rights reserved.
Copyright (c) 1995-2001 Lucent Technologies Inc.  All rights reserved.
Copyright (c) 2001 Agere Systems   All rights reserved.
Copyright (c) 2002-2014 Lattice Semiconductor Corporation,  All rights reserved.

Report Information
------------------
Command line:    trce -v 10 -gt -sethld -sp 4 -sphld m -o Lauflicht_Lauflicht.twr -gui Lauflicht_Lauflicht.ncd Lauflicht_Lauflicht.prf 
Design file:     lauflicht_lauflicht.ncd
Preference file: lauflicht_lauflicht.prf
Device,speed:    LCMXO2-256HC,4
Report level:    verbose report, limited to 10 items per preference
--------------------------------------------------------------------------------



Timing summary (Setup):
---------------

Timing errors: 0  Score: 0
Cumulative negative slack: 0

Constraints cover 0 paths, 1 nets, and 162 connections (69.8% coverage)

--------------------------------------------------------------------------------
Lattice TRACE Report - Hold, Version Diamond (64-bit) 3.1.0.96
Tue Jun 19 22:58:52 2018

Copyright (c) 1991-1994 by NeoCAD Inc. All rights reserved.
Copyright (c) 1995 AT&T Corp.   All rights reserved.
Copyright (c) 1995-2001 Lucent Technologies Inc.  All rights reserved.
Copyright (c) 2001 Agere Systems   All rights reserved.
Copyright (c) 2002-2014 Lattice Semiconductor Corporation,  All rights reserved.

Report Information
------------------
Command line:    trce -v 10 -gt -sethld -sp 4 -sphld m -o Lauflicht_Lauflicht.twr -gui Lauflicht_Lauflicht.ncd Lauflicht_Lauflicht.prf 
Design file:     lauflicht_lauflicht.ncd
Preference file: lauflicht_lauflicht.prf
Device,speed:    LCMXO2-256HC,m
Report level:    verbose report, limited to 10 items per preference
--------------------------------------------------------------------------------



Timing summary (Hold):
---------------

Timing errors: 0  Score: 0
Cumulative negative slack: 0

Constraints cover 0 paths, 1 nets, and 162 connections (69.8% coverage)



Timing summary (Setup and Hold):
---------------

Timing errors: 0 (setup), 0 (hold)
Score: 0 (setup), 0 (hold)
Cumulative negative slack: 0 (0+0)
--------------------------------------------------------------------------------

--------------------------------------------------------------------------------

Total time: 3 secs 

iotiming  "Lauflicht_Lauflicht.ncd" "Lauflicht_Lauflicht.prf"
I/O Timing Report:
:  version Diamond (64-bit) 3.1.0.96

Copyright (c) 1991-1994 by NeoCAD Inc. All rights reserved.
Copyright (c) 1995 AT&T Corp.   All rights reserved.
Copyright (c) 1995-2001 Lucent Technologies Inc.  All rights reserved.
Copyright (c) 2001 Agere Systems   All rights reserved.
Copyright (c) 2002-2014 Lattice Semiconductor Corporation,  All rights reserved.

Loading design for application iotiming from file lauflicht_lauflicht.ncd.
Design name: lauflicht
NCD version: 3.2
Vendor:      LATTICE
Device:      LCMXO2-256HC
Package:     TQFP100
Performance: 4
Loading device for application iotiming from file 'xo2c256.nph' in environment: C:/lscc/diamond/3.1_x64/ispfpga.
Package Status:                     Final          Version 1.37
Performance Hardware Data Status:   Final)         Version 23.4
Running Performance Grade: 4
Computing Setup Time ...
Computing Max Clock to Output Delay ...
Computing Hold Time ...
Computing Min Clock to Output Delay ...

Loading design for application iotiming from file lauflicht_lauflicht.ncd.
Design name: lauflicht
NCD version: 3.2
Vendor:      LATTICE
Device:      LCMXO2-256HC
Package:     TQFP100
Performance: 5
Package Status:                     Final          Version 1.37
Performance Hardware Data Status:   Final)         Version 23.4
Running Performance Grade: 5
Computing Setup Time ...
Computing Max Clock to Output Delay ...
Computing Hold Time ...
Computing Min Clock to Output Delay ...

Loading design for application iotiming from file lauflicht_lauflicht.ncd.
Design name: lauflicht
NCD version: 3.2
Vendor:      LATTICE
Device:      LCMXO2-256HC
Package:     TQFP100
Performance: 6
Package Status:                     Final          Version 1.37
Performance Hardware Data Status:   Final)         Version 23.4
Running Performance Grade: 6
Computing Setup Time ...
Computing Max Clock to Output Delay ...
Computing Hold Time ...
Computing Min Clock to Output Delay ...

Loading design for application iotiming from file lauflicht_lauflicht.ncd.
Design name: lauflicht
NCD version: 3.2
Vendor:      LATTICE
Device:      LCMXO2-256HC
Package:     TQFP100
Performance: M
Package Status:                     Final          Version 1.37
Performance Hardware Data Status:   Final)         Version 23.4
Running Performance Grade: M
Computing Setup Time ...
Computing Max Clock to Output Delay ...
Computing Hold Time ...
Computing Min Clock to Output Delay ...
Done.

bitgen -f "Lauflicht_Lauflicht.t2b" -w "Lauflicht_Lauflicht.ncd" -jedec "Lauflicht_Lauflicht.prf"


BITGEN: Bitstream Generator Diamond (64-bit) 3.1.0.96
Copyright (c) 1991-1994 by NeoCAD Inc. All rights reserved.
Copyright (c) 1995 AT&T Corp.   All rights reserved.
Copyright (c) 1995-2001 Lucent Technologies Inc.  All rights reserved.
Copyright (c) 2001 Agere Systems   All rights reserved.
Copyright (c) 2002-2014 Lattice Semiconductor Corporation,  All rights reserved.


Loading design for application Bitgen from file Lauflicht_Lauflicht.ncd.
Design name: lauflicht
NCD version: 3.2
Vendor:      LATTICE
Device:      LCMXO2-256HC
Package:     TQFP100
Performance: 4
Loading device for application Bitgen from file 'xo2c256.nph' in environment: C:/lscc/diamond/3.1_x64/ispfpga.
Package Status:                     Final          Version 1.37
Performance Hardware Data Status:   Final)         Version 23.4

Running DRC.
DRC detected 0 errors and 0 warnings.
Reading Preference File from Lauflicht_Lauflicht.prf...

Preference Summary:
+---------------------------------+---------------------------------+
|  Preference                     |  Current Setting                |
+---------------------------------+---------------------------------+
|                         RamCfg  |                        Reset**  |
+---------------------------------+---------------------------------+
|                     MCCLK_FREQ  |                         2.08**  |
+---------------------------------+---------------------------------+
|                  CONFIG_SECURE  |                          OFF**  |
+---------------------------------+---------------------------------+
|                      JTAG_PORT  |                       ENABLE**  |
+---------------------------------+---------------------------------+
|                       SDM_PORT  |                      DISABLE**  |
+---------------------------------+---------------------------------+
|                 SLAVE_SPI_PORT  |                      DISABLE**  |
+---------------------------------+---------------------------------+
|                MASTER_SPI_PORT  |                      DISABLE**  |
+---------------------------------+---------------------------------+
|                       I2C_PORT  |                      DISABLE**  |
+---------------------------------+---------------------------------+
|        MUX_CONFIGURATION_PORTS  |                      DISABLE**  |
+---------------------------------+---------------------------------+
|                  CONFIGURATION  |                          CFG**  |
+---------------------------------+---------------------------------+
|                COMPRESS_CONFIG  |                           ON**  |
+---------------------------------+---------------------------------+
|                        MY_ASSP  |                          OFF**  |
+---------------------------------+---------------------------------+
|               ONE_TIME_PROGRAM  |                          OFF**  |
+---------------------------------+---------------------------------+
|                 ENABLE_TRANSFR  |                      DISABLE**  |
+---------------------------------+---------------------------------+
|                  SHAREDEBRINIT  |                      DISABLE**  |
+---------------------------------+---------------------------------+
 *  Default setting.
 ** The specified setting matches the default setting.


Creating bit map...
 
Bitstream Status:   Final           Version 1.83
 
Saving bit stream in "Lauflicht_Lauflicht.jed".
