--------------------------------------------------------------------------------
Lattice Synthesis Timing Report, Version  
Tue Jun 19 22:58:26 2018

Copyright (c) 1991-1994 by NeoCAD Inc. All rights reserved.
Copyright (c) 1995 AT&T Corp.   All rights reserved.
Copyright (c) 1995-2001 Lucent Technologies Inc.  All rights reserved.
Copyright (c) 2001 Agere Systems   All rights reserved.
Copyright (c) 2002-2014 Lattice Semiconductor Corporation,  All rights reserved.

Report Information
------------------
Design:     lauflicht
Constraint file:  
Report level:    verbose report, limited to 3 items per constraint
--------------------------------------------------------------------------------



================================================================================
Constraint: create_clock -period 5.000000 -name clk1 [get_nets D14_c]
            16 items scored, 0 timing errors detected.
--------------------------------------------------------------------------------


Passed:  The following path meets requirements by 1.647ns

 Logical Details:  Cell type  Pin type       Cell name  (clock net +/-)

   Source:         FD1S3AX    CK             regi_i1  (from \Clock/i293 +)
   Destination:    FD1S3AX    D              regi_i2  (to \Clock/i293 +)

   Delay:                   3.193ns  (29.3% logic, 70.7% route), 2 logic levels.

 Constraint Details:

      3.193ns data_path regi_i1 to regi_i2 meets
      5.000ns delay constraint less
      0.160ns L_S requirement (totaling 4.840ns) by 1.647ns

 Path Details: regi_i1 to regi_i2

   Name    Fanout   Delay (ns)          Pins               Resource(Cell.Net)
L_CO        ---     0.444             CK to Q              regi_i1 (from \Clock/i293)
Route         3   e 1.315                                  regi[1]
LUT4        ---     0.493              A to Z              mux_7_i3_3_lut
Route         1   e 0.941                                  n26
                  --------
                    3.193  (29.3% logic, 70.7% route), 2 logic levels.


Passed:  The following path meets requirements by 1.647ns

 Logical Details:  Cell type  Pin type       Cell name  (clock net +/-)

   Source:         FD1S3AX    CK             regi_i1  (from \Clock/i293 +)
   Destination:    FD1S3AX    D              regi_i0  (to \Clock/i293 +)

   Delay:                   3.193ns  (29.3% logic, 70.7% route), 2 logic levels.

 Constraint Details:

      3.193ns data_path regi_i1 to regi_i0 meets
      5.000ns delay constraint less
      0.160ns L_S requirement (totaling 4.840ns) by 1.647ns

 Path Details: regi_i1 to regi_i0

   Name    Fanout   Delay (ns)          Pins               Resource(Cell.Net)
L_CO        ---     0.444             CK to Q              regi_i1 (from \Clock/i293)
Route         3   e 1.315                                  regi[1]
LUT4        ---     0.493              B to Z              mux_7_i1_3_lut
Route         1   e 0.941                                  n365
                  --------
                    3.193  (29.3% logic, 70.7% route), 2 logic levels.


Passed:  The following path meets requirements by 1.647ns

 Logical Details:  Cell type  Pin type       Cell name  (clock net +/-)

   Source:         FD1S3AX    CK             regi_i2  (from \Clock/i293 +)
   Destination:    FD1S3AX    D              regi_i1  (to \Clock/i293 +)

   Delay:                   3.193ns  (29.3% logic, 70.7% route), 2 logic levels.

 Constraint Details:

      3.193ns data_path regi_i2 to regi_i1 meets
      5.000ns delay constraint less
      0.160ns L_S requirement (totaling 4.840ns) by 1.647ns

 Path Details: regi_i2 to regi_i1

   Name    Fanout   Delay (ns)          Pins               Resource(Cell.Net)
L_CO        ---     0.444             CK to Q              regi_i2 (from \Clock/i293)
Route         3   e 1.315                                  regi[2]
LUT4        ---     0.493              B to Z              mux_7_i2_3_lut
Route         1   e 0.941                                  n27
                  --------
                    3.193  (29.3% logic, 70.7% route), 2 logic levels.

Report: 3.353 ns is the maximum delay for this constraint.



================================================================================
Constraint: create_clock -period 5.000000 -name clk0 [get_nets \Clock/Clk200Hz]
            0 items scored, 0 timing errors detected.
--------------------------------------------------------------------------------

Timing Report Summary
--------------
--------------------------------------------------------------------------------
Constraint                              |   Constraint|       Actual|Levels
--------------------------------------------------------------------------------
                                        |             |             |
create_clock -period 5.000000 -name     |             |             |
clk1 [get_nets D14_c]                   |     5.000 ns|     3.353 ns|     2  
                                        |             |             |
create_clock -period 5.000000 -name     |             |             |
clk0 [get_nets \Clock/Clk200Hz]         |            -|            -|     0  
                                        |             |             |
--------------------------------------------------------------------------------


All constraints were met.



Timing summary:
---------------

Timing errors: 0  Score: 0

Constraints cover  16 paths, 17 nets, and 32 connections (14.1% coverage)


Peak memory: 126644224 bytes, TRCE: 7102464 bytes, DLYMAN: 0 bytes
CPU_TIME_REPORT: 0 secs 
